[2025-06-17T17:58:28.033+0000] {processor.py:186} INFO - Started process (PID=185) to work on /opt/airflow/dags/ETL_flow.py
[2025-06-17T17:58:28.035+0000] {processor.py:914} INFO - Processing file /opt/airflow/dags/ETL_flow.py for tasks to queue
[2025-06-17T17:58:28.038+0000] {logging_mixin.py:190} INFO - [2025-06-17T17:58:28.037+0000] {dagbag.py:588} INFO - Filling up the DagBag from /opt/airflow/dags/ETL_flow.py
[2025-06-17T17:58:28.072+0000] {processor.py:925} INFO - DAG(s) 'ingest_csv_to_hive' retrieved from /opt/airflow/dags/ETL_flow.py
[2025-06-17T17:58:28.140+0000] {logging_mixin.py:190} INFO - [2025-06-17T17:58:28.140+0000] {dag.py:3239} INFO - Sync 1 DAGs
[2025-06-17T17:58:28.185+0000] {logging_mixin.py:190} INFO - [2025-06-17T17:58:28.185+0000] {dag.py:4180} INFO - Setting next_dagrun for ingest_csv_to_hive to 2025-06-17 00:00:00+00:00, run_after=2025-06-18 00:00:00+00:00
[2025-06-17T17:58:28.216+0000] {processor.py:208} INFO - Processing /opt/airflow/dags/ETL_flow.py took 0.191 seconds
[2025-06-17T17:58:58.426+0000] {processor.py:186} INFO - Started process (PID=190) to work on /opt/airflow/dags/ETL_flow.py
[2025-06-17T17:58:58.427+0000] {processor.py:914} INFO - Processing file /opt/airflow/dags/ETL_flow.py for tasks to queue
[2025-06-17T17:58:58.431+0000] {logging_mixin.py:190} INFO - [2025-06-17T17:58:58.430+0000] {dagbag.py:588} INFO - Filling up the DagBag from /opt/airflow/dags/ETL_flow.py
[2025-06-17T17:58:58.456+0000] {processor.py:925} INFO - DAG(s) 'ingest_csv_to_hive' retrieved from /opt/airflow/dags/ETL_flow.py
[2025-06-17T17:58:58.496+0000] {logging_mixin.py:190} INFO - [2025-06-17T17:58:58.496+0000] {dag.py:3239} INFO - Sync 1 DAGs
[2025-06-17T17:58:58.534+0000] {logging_mixin.py:190} INFO - [2025-06-17T17:58:58.534+0000] {dag.py:4180} INFO - Setting next_dagrun for ingest_csv_to_hive to 2025-06-17 00:00:00+00:00, run_after=2025-06-18 00:00:00+00:00
[2025-06-17T17:58:58.564+0000] {processor.py:208} INFO - Processing /opt/airflow/dags/ETL_flow.py took 0.147 seconds
[2025-06-17T17:59:28.754+0000] {processor.py:186} INFO - Started process (PID=195) to work on /opt/airflow/dags/ETL_flow.py
[2025-06-17T17:59:28.755+0000] {processor.py:914} INFO - Processing file /opt/airflow/dags/ETL_flow.py for tasks to queue
[2025-06-17T17:59:28.758+0000] {logging_mixin.py:190} INFO - [2025-06-17T17:59:28.758+0000] {dagbag.py:588} INFO - Filling up the DagBag from /opt/airflow/dags/ETL_flow.py
[2025-06-17T17:59:28.778+0000] {processor.py:925} INFO - DAG(s) 'ingest_csv_to_hive' retrieved from /opt/airflow/dags/ETL_flow.py
[2025-06-17T17:59:28.810+0000] {logging_mixin.py:190} INFO - [2025-06-17T17:59:28.809+0000] {dag.py:3239} INFO - Sync 1 DAGs
[2025-06-17T17:59:28.833+0000] {logging_mixin.py:190} INFO - [2025-06-17T17:59:28.833+0000] {dag.py:4180} INFO - Setting next_dagrun for ingest_csv_to_hive to 2025-06-17 00:00:00+00:00, run_after=2025-06-18 00:00:00+00:00
[2025-06-17T17:59:28.853+0000] {processor.py:208} INFO - Processing /opt/airflow/dags/ETL_flow.py took 0.106 seconds
[2025-06-17T17:59:58.941+0000] {processor.py:186} INFO - Started process (PID=200) to work on /opt/airflow/dags/ETL_flow.py
[2025-06-17T17:59:58.942+0000] {processor.py:914} INFO - Processing file /opt/airflow/dags/ETL_flow.py for tasks to queue
[2025-06-17T17:59:58.945+0000] {logging_mixin.py:190} INFO - [2025-06-17T17:59:58.944+0000] {dagbag.py:588} INFO - Filling up the DagBag from /opt/airflow/dags/ETL_flow.py
[2025-06-17T17:59:58.971+0000] {processor.py:925} INFO - DAG(s) 'ingest_csv_to_hive' retrieved from /opt/airflow/dags/ETL_flow.py
[2025-06-17T17:59:59.003+0000] {logging_mixin.py:190} INFO - [2025-06-17T17:59:59.003+0000] {dag.py:3239} INFO - Sync 1 DAGs
[2025-06-17T17:59:59.032+0000] {logging_mixin.py:190} INFO - [2025-06-17T17:59:59.031+0000] {dag.py:4180} INFO - Setting next_dagrun for ingest_csv_to_hive to 2025-06-17 00:00:00+00:00, run_after=2025-06-18 00:00:00+00:00
[2025-06-17T17:59:59.058+0000] {processor.py:208} INFO - Processing /opt/airflow/dags/ETL_flow.py took 0.126 seconds
[2025-06-17T18:00:29.214+0000] {processor.py:186} INFO - Started process (PID=381) to work on /opt/airflow/dags/ETL_flow.py
[2025-06-17T18:00:29.215+0000] {processor.py:914} INFO - Processing file /opt/airflow/dags/ETL_flow.py for tasks to queue
[2025-06-17T18:00:29.217+0000] {logging_mixin.py:190} INFO - [2025-06-17T18:00:29.217+0000] {dagbag.py:588} INFO - Filling up the DagBag from /opt/airflow/dags/ETL_flow.py
[2025-06-17T18:00:29.237+0000] {processor.py:925} INFO - DAG(s) 'ingest_csv_to_hive' retrieved from /opt/airflow/dags/ETL_flow.py
[2025-06-17T18:00:29.264+0000] {logging_mixin.py:190} INFO - [2025-06-17T18:00:29.264+0000] {dag.py:3239} INFO - Sync 1 DAGs
[2025-06-17T18:00:29.290+0000] {logging_mixin.py:190} INFO - [2025-06-17T18:00:29.289+0000] {dag.py:4180} INFO - Setting next_dagrun for ingest_csv_to_hive to 2025-06-17 00:00:00+00:00, run_after=2025-06-18 00:00:00+00:00
[2025-06-17T18:00:29.309+0000] {processor.py:208} INFO - Processing /opt/airflow/dags/ETL_flow.py took 0.101 seconds
[2025-06-17T18:00:59.408+0000] {processor.py:186} INFO - Started process (PID=386) to work on /opt/airflow/dags/ETL_flow.py
[2025-06-17T18:00:59.409+0000] {processor.py:914} INFO - Processing file /opt/airflow/dags/ETL_flow.py for tasks to queue
[2025-06-17T18:00:59.411+0000] {logging_mixin.py:190} INFO - [2025-06-17T18:00:59.410+0000] {dagbag.py:588} INFO - Filling up the DagBag from /opt/airflow/dags/ETL_flow.py
[2025-06-17T18:00:59.428+0000] {processor.py:925} INFO - DAG(s) 'ingest_csv_to_hive' retrieved from /opt/airflow/dags/ETL_flow.py
[2025-06-17T18:00:59.455+0000] {logging_mixin.py:190} INFO - [2025-06-17T18:00:59.455+0000] {dag.py:3239} INFO - Sync 1 DAGs
[2025-06-17T18:00:59.481+0000] {logging_mixin.py:190} INFO - [2025-06-17T18:00:59.481+0000] {dag.py:4180} INFO - Setting next_dagrun for ingest_csv_to_hive to 2025-06-17 00:00:00+00:00, run_after=2025-06-18 00:00:00+00:00
[2025-06-17T18:00:59.498+0000] {processor.py:208} INFO - Processing /opt/airflow/dags/ETL_flow.py took 0.095 seconds
[2025-06-17T18:01:29.651+0000] {processor.py:186} INFO - Started process (PID=391) to work on /opt/airflow/dags/ETL_flow.py
[2025-06-17T18:01:29.652+0000] {processor.py:914} INFO - Processing file /opt/airflow/dags/ETL_flow.py for tasks to queue
[2025-06-17T18:01:29.654+0000] {logging_mixin.py:190} INFO - [2025-06-17T18:01:29.653+0000] {dagbag.py:588} INFO - Filling up the DagBag from /opt/airflow/dags/ETL_flow.py
[2025-06-17T18:01:29.670+0000] {processor.py:925} INFO - DAG(s) 'ingest_csv_to_hive' retrieved from /opt/airflow/dags/ETL_flow.py
[2025-06-17T18:01:29.694+0000] {logging_mixin.py:190} INFO - [2025-06-17T18:01:29.693+0000] {dag.py:3239} INFO - Sync 1 DAGs
[2025-06-17T18:01:29.717+0000] {logging_mixin.py:190} INFO - [2025-06-17T18:01:29.716+0000] {dag.py:4180} INFO - Setting next_dagrun for ingest_csv_to_hive to 2025-06-17 00:00:00+00:00, run_after=2025-06-18 00:00:00+00:00
[2025-06-17T18:01:29.733+0000] {processor.py:208} INFO - Processing /opt/airflow/dags/ETL_flow.py took 0.086 seconds
[2025-06-17T18:01:59.829+0000] {processor.py:186} INFO - Started process (PID=396) to work on /opt/airflow/dags/ETL_flow.py
[2025-06-17T18:01:59.829+0000] {processor.py:914} INFO - Processing file /opt/airflow/dags/ETL_flow.py for tasks to queue
[2025-06-17T18:01:59.831+0000] {logging_mixin.py:190} INFO - [2025-06-17T18:01:59.831+0000] {dagbag.py:588} INFO - Filling up the DagBag from /opt/airflow/dags/ETL_flow.py
[2025-06-17T18:01:59.850+0000] {processor.py:925} INFO - DAG(s) 'ingest_csv_to_hive' retrieved from /opt/airflow/dags/ETL_flow.py
[2025-06-17T18:01:59.878+0000] {logging_mixin.py:190} INFO - [2025-06-17T18:01:59.877+0000] {dag.py:3239} INFO - Sync 1 DAGs
[2025-06-17T18:01:59.905+0000] {logging_mixin.py:190} INFO - [2025-06-17T18:01:59.905+0000] {dag.py:4180} INFO - Setting next_dagrun for ingest_csv_to_hive to 2025-06-17 00:00:00+00:00, run_after=2025-06-18 00:00:00+00:00
[2025-06-17T18:01:59.924+0000] {processor.py:208} INFO - Processing /opt/airflow/dags/ETL_flow.py took 0.101 seconds
[2025-06-17T18:02:30.091+0000] {processor.py:186} INFO - Started process (PID=401) to work on /opt/airflow/dags/ETL_flow.py
[2025-06-17T18:02:30.091+0000] {processor.py:914} INFO - Processing file /opt/airflow/dags/ETL_flow.py for tasks to queue
[2025-06-17T18:02:30.093+0000] {logging_mixin.py:190} INFO - [2025-06-17T18:02:30.093+0000] {dagbag.py:588} INFO - Filling up the DagBag from /opt/airflow/dags/ETL_flow.py
[2025-06-17T18:02:30.108+0000] {processor.py:925} INFO - DAG(s) 'ingest_csv_to_hive' retrieved from /opt/airflow/dags/ETL_flow.py
[2025-06-17T18:02:30.133+0000] {logging_mixin.py:190} INFO - [2025-06-17T18:02:30.132+0000] {dag.py:3239} INFO - Sync 1 DAGs
[2025-06-17T18:02:30.155+0000] {logging_mixin.py:190} INFO - [2025-06-17T18:02:30.155+0000] {dag.py:4180} INFO - Setting next_dagrun for ingest_csv_to_hive to 2025-06-17 00:00:00+00:00, run_after=2025-06-18 00:00:00+00:00
[2025-06-17T18:02:30.180+0000] {processor.py:208} INFO - Processing /opt/airflow/dags/ETL_flow.py took 0.094 seconds
[2025-06-17T18:03:00.278+0000] {processor.py:186} INFO - Started process (PID=406) to work on /opt/airflow/dags/ETL_flow.py
[2025-06-17T18:03:00.278+0000] {processor.py:914} INFO - Processing file /opt/airflow/dags/ETL_flow.py for tasks to queue
[2025-06-17T18:03:00.281+0000] {logging_mixin.py:190} INFO - [2025-06-17T18:03:00.280+0000] {dagbag.py:588} INFO - Filling up the DagBag from /opt/airflow/dags/ETL_flow.py
[2025-06-17T18:03:00.298+0000] {processor.py:925} INFO - DAG(s) 'ingest_csv_to_hive' retrieved from /opt/airflow/dags/ETL_flow.py
[2025-06-17T18:03:00.325+0000] {logging_mixin.py:190} INFO - [2025-06-17T18:03:00.325+0000] {dag.py:3239} INFO - Sync 1 DAGs
[2025-06-17T18:03:00.350+0000] {logging_mixin.py:190} INFO - [2025-06-17T18:03:00.349+0000] {dag.py:4180} INFO - Setting next_dagrun for ingest_csv_to_hive to 2025-06-17 00:00:00+00:00, run_after=2025-06-18 00:00:00+00:00
[2025-06-17T18:03:00.368+0000] {processor.py:208} INFO - Processing /opt/airflow/dags/ETL_flow.py took 0.095 seconds
[2025-06-17T18:03:30.584+0000] {processor.py:186} INFO - Started process (PID=411) to work on /opt/airflow/dags/ETL_flow.py
[2025-06-17T18:03:30.585+0000] {processor.py:914} INFO - Processing file /opt/airflow/dags/ETL_flow.py for tasks to queue
[2025-06-17T18:03:30.587+0000] {logging_mixin.py:190} INFO - [2025-06-17T18:03:30.586+0000] {dagbag.py:588} INFO - Filling up the DagBag from /opt/airflow/dags/ETL_flow.py
[2025-06-17T18:03:30.603+0000] {processor.py:925} INFO - DAG(s) 'ingest_csv_to_hive' retrieved from /opt/airflow/dags/ETL_flow.py
[2025-06-17T18:03:30.631+0000] {logging_mixin.py:190} INFO - [2025-06-17T18:03:30.631+0000] {dag.py:3239} INFO - Sync 1 DAGs
[2025-06-17T18:03:30.655+0000] {logging_mixin.py:190} INFO - [2025-06-17T18:03:30.655+0000] {dag.py:4180} INFO - Setting next_dagrun for ingest_csv_to_hive to 2025-06-17 00:00:00+00:00, run_after=2025-06-18 00:00:00+00:00
[2025-06-17T18:03:30.671+0000] {processor.py:208} INFO - Processing /opt/airflow/dags/ETL_flow.py took 0.092 seconds
[2025-06-17T18:04:00.770+0000] {processor.py:186} INFO - Started process (PID=416) to work on /opt/airflow/dags/ETL_flow.py
[2025-06-17T18:04:00.771+0000] {processor.py:914} INFO - Processing file /opt/airflow/dags/ETL_flow.py for tasks to queue
[2025-06-17T18:04:00.773+0000] {logging_mixin.py:190} INFO - [2025-06-17T18:04:00.773+0000] {dagbag.py:588} INFO - Filling up the DagBag from /opt/airflow/dags/ETL_flow.py
[2025-06-17T18:04:00.793+0000] {processor.py:925} INFO - DAG(s) 'ingest_csv_to_hive' retrieved from /opt/airflow/dags/ETL_flow.py
[2025-06-17T18:04:00.818+0000] {logging_mixin.py:190} INFO - [2025-06-17T18:04:00.818+0000] {dag.py:3239} INFO - Sync 1 DAGs
[2025-06-17T18:04:00.841+0000] {logging_mixin.py:190} INFO - [2025-06-17T18:04:00.840+0000] {dag.py:4180} INFO - Setting next_dagrun for ingest_csv_to_hive to 2025-06-17 00:00:00+00:00, run_after=2025-06-18 00:00:00+00:00
[2025-06-17T18:04:00.858+0000] {processor.py:208} INFO - Processing /opt/airflow/dags/ETL_flow.py took 0.093 seconds
[2025-06-17T18:04:31.026+0000] {processor.py:186} INFO - Started process (PID=421) to work on /opt/airflow/dags/ETL_flow.py
[2025-06-17T18:04:31.027+0000] {processor.py:914} INFO - Processing file /opt/airflow/dags/ETL_flow.py for tasks to queue
[2025-06-17T18:04:31.029+0000] {logging_mixin.py:190} INFO - [2025-06-17T18:04:31.028+0000] {dagbag.py:588} INFO - Filling up the DagBag from /opt/airflow/dags/ETL_flow.py
[2025-06-17T18:04:31.046+0000] {processor.py:925} INFO - DAG(s) 'ingest_csv_to_hive' retrieved from /opt/airflow/dags/ETL_flow.py
[2025-06-17T18:04:31.072+0000] {logging_mixin.py:190} INFO - [2025-06-17T18:04:31.071+0000] {dag.py:3239} INFO - Sync 1 DAGs
[2025-06-17T18:04:31.096+0000] {logging_mixin.py:190} INFO - [2025-06-17T18:04:31.096+0000] {dag.py:4180} INFO - Setting next_dagrun for ingest_csv_to_hive to 2025-06-17 00:00:00+00:00, run_after=2025-06-18 00:00:00+00:00
[2025-06-17T18:04:31.113+0000] {processor.py:208} INFO - Processing /opt/airflow/dags/ETL_flow.py took 0.092 seconds
[2025-06-17T18:05:01.231+0000] {processor.py:186} INFO - Started process (PID=426) to work on /opt/airflow/dags/ETL_flow.py
[2025-06-17T18:05:01.233+0000] {processor.py:914} INFO - Processing file /opt/airflow/dags/ETL_flow.py for tasks to queue
[2025-06-17T18:05:01.235+0000] {logging_mixin.py:190} INFO - [2025-06-17T18:05:01.235+0000] {dagbag.py:588} INFO - Filling up the DagBag from /opt/airflow/dags/ETL_flow.py
[2025-06-17T18:05:01.257+0000] {processor.py:925} INFO - DAG(s) 'ingest_csv_to_hive' retrieved from /opt/airflow/dags/ETL_flow.py
[2025-06-17T18:05:01.284+0000] {logging_mixin.py:190} INFO - [2025-06-17T18:05:01.284+0000] {dag.py:3239} INFO - Sync 1 DAGs
[2025-06-17T18:05:01.309+0000] {logging_mixin.py:190} INFO - [2025-06-17T18:05:01.309+0000] {dag.py:4180} INFO - Setting next_dagrun for ingest_csv_to_hive to 2025-06-17 00:00:00+00:00, run_after=2025-06-18 00:00:00+00:00
[2025-06-17T18:05:01.329+0000] {processor.py:208} INFO - Processing /opt/airflow/dags/ETL_flow.py took 0.105 seconds
[2025-06-17T18:05:31.471+0000] {processor.py:186} INFO - Started process (PID=431) to work on /opt/airflow/dags/ETL_flow.py
[2025-06-17T18:05:31.472+0000] {processor.py:914} INFO - Processing file /opt/airflow/dags/ETL_flow.py for tasks to queue
[2025-06-17T18:05:31.473+0000] {logging_mixin.py:190} INFO - [2025-06-17T18:05:31.473+0000] {dagbag.py:588} INFO - Filling up the DagBag from /opt/airflow/dags/ETL_flow.py
[2025-06-17T18:05:31.491+0000] {processor.py:925} INFO - DAG(s) 'ingest_csv_to_hive' retrieved from /opt/airflow/dags/ETL_flow.py
[2025-06-17T18:05:31.517+0000] {logging_mixin.py:190} INFO - [2025-06-17T18:05:31.517+0000] {dag.py:3239} INFO - Sync 1 DAGs
[2025-06-17T18:05:31.541+0000] {logging_mixin.py:190} INFO - [2025-06-17T18:05:31.541+0000] {dag.py:4180} INFO - Setting next_dagrun for ingest_csv_to_hive to 2025-06-17 00:00:00+00:00, run_after=2025-06-18 00:00:00+00:00
[2025-06-17T18:05:31.557+0000] {processor.py:208} INFO - Processing /opt/airflow/dags/ETL_flow.py took 0.092 seconds
[2025-06-17T18:06:01.670+0000] {processor.py:186} INFO - Started process (PID=436) to work on /opt/airflow/dags/ETL_flow.py
[2025-06-17T18:06:01.670+0000] {processor.py:914} INFO - Processing file /opt/airflow/dags/ETL_flow.py for tasks to queue
[2025-06-17T18:06:01.672+0000] {logging_mixin.py:190} INFO - [2025-06-17T18:06:01.672+0000] {dagbag.py:588} INFO - Filling up the DagBag from /opt/airflow/dags/ETL_flow.py
[2025-06-17T18:06:01.689+0000] {processor.py:925} INFO - DAG(s) 'ingest_csv_to_hive' retrieved from /opt/airflow/dags/ETL_flow.py
[2025-06-17T18:06:01.714+0000] {logging_mixin.py:190} INFO - [2025-06-17T18:06:01.713+0000] {dag.py:3239} INFO - Sync 1 DAGs
[2025-06-17T18:06:01.736+0000] {logging_mixin.py:190} INFO - [2025-06-17T18:06:01.736+0000] {dag.py:4180} INFO - Setting next_dagrun for ingest_csv_to_hive to 2025-06-17 00:00:00+00:00, run_after=2025-06-18 00:00:00+00:00
[2025-06-17T18:06:01.754+0000] {processor.py:208} INFO - Processing /opt/airflow/dags/ETL_flow.py took 0.090 seconds
[2025-06-17T18:06:31.908+0000] {processor.py:186} INFO - Started process (PID=441) to work on /opt/airflow/dags/ETL_flow.py
[2025-06-17T18:06:31.909+0000] {processor.py:914} INFO - Processing file /opt/airflow/dags/ETL_flow.py for tasks to queue
[2025-06-17T18:06:31.912+0000] {logging_mixin.py:190} INFO - [2025-06-17T18:06:31.912+0000] {dagbag.py:588} INFO - Filling up the DagBag from /opt/airflow/dags/ETL_flow.py
[2025-06-17T18:06:31.929+0000] {processor.py:925} INFO - DAG(s) 'ingest_csv_to_hive' retrieved from /opt/airflow/dags/ETL_flow.py
[2025-06-17T18:06:31.953+0000] {logging_mixin.py:190} INFO - [2025-06-17T18:06:31.953+0000] {dag.py:3239} INFO - Sync 1 DAGs
[2025-06-17T18:06:31.976+0000] {logging_mixin.py:190} INFO - [2025-06-17T18:06:31.975+0000] {dag.py:4180} INFO - Setting next_dagrun for ingest_csv_to_hive to 2025-06-17 00:00:00+00:00, run_after=2025-06-18 00:00:00+00:00
[2025-06-17T18:06:31.993+0000] {processor.py:208} INFO - Processing /opt/airflow/dags/ETL_flow.py took 0.090 seconds
[2025-06-17T18:07:02.109+0000] {processor.py:186} INFO - Started process (PID=446) to work on /opt/airflow/dags/ETL_flow.py
[2025-06-17T18:07:02.109+0000] {processor.py:914} INFO - Processing file /opt/airflow/dags/ETL_flow.py for tasks to queue
[2025-06-17T18:07:02.113+0000] {logging_mixin.py:190} INFO - [2025-06-17T18:07:02.112+0000] {dagbag.py:588} INFO - Filling up the DagBag from /opt/airflow/dags/ETL_flow.py
[2025-06-17T18:07:02.134+0000] {processor.py:925} INFO - DAG(s) 'ingest_csv_to_hive' retrieved from /opt/airflow/dags/ETL_flow.py
[2025-06-17T18:07:02.169+0000] {logging_mixin.py:190} INFO - [2025-06-17T18:07:02.169+0000] {dag.py:3239} INFO - Sync 1 DAGs
[2025-06-17T18:07:02.203+0000] {logging_mixin.py:190} INFO - [2025-06-17T18:07:02.203+0000] {dag.py:4180} INFO - Setting next_dagrun for ingest_csv_to_hive to 2025-06-17 00:00:00+00:00, run_after=2025-06-18 00:00:00+00:00
[2025-06-17T18:07:02.230+0000] {processor.py:208} INFO - Processing /opt/airflow/dags/ETL_flow.py took 0.128 seconds
[2025-06-17T18:07:32.352+0000] {processor.py:186} INFO - Started process (PID=451) to work on /opt/airflow/dags/ETL_flow.py
[2025-06-17T18:07:32.352+0000] {processor.py:914} INFO - Processing file /opt/airflow/dags/ETL_flow.py for tasks to queue
[2025-06-17T18:07:32.354+0000] {logging_mixin.py:190} INFO - [2025-06-17T18:07:32.354+0000] {dagbag.py:588} INFO - Filling up the DagBag from /opt/airflow/dags/ETL_flow.py
[2025-06-17T18:07:32.372+0000] {processor.py:925} INFO - DAG(s) 'ingest_csv_to_hive' retrieved from /opt/airflow/dags/ETL_flow.py
[2025-06-17T18:07:32.399+0000] {logging_mixin.py:190} INFO - [2025-06-17T18:07:32.399+0000] {dag.py:3239} INFO - Sync 1 DAGs
[2025-06-17T18:07:32.424+0000] {logging_mixin.py:190} INFO - [2025-06-17T18:07:32.424+0000] {dag.py:4180} INFO - Setting next_dagrun for ingest_csv_to_hive to 2025-06-17 00:00:00+00:00, run_after=2025-06-18 00:00:00+00:00
[2025-06-17T18:07:32.443+0000] {processor.py:208} INFO - Processing /opt/airflow/dags/ETL_flow.py took 0.096 seconds
[2025-06-17T18:08:02.591+0000] {processor.py:186} INFO - Started process (PID=456) to work on /opt/airflow/dags/ETL_flow.py
[2025-06-17T18:08:02.591+0000] {processor.py:914} INFO - Processing file /opt/airflow/dags/ETL_flow.py for tasks to queue
[2025-06-17T18:08:02.594+0000] {logging_mixin.py:190} INFO - [2025-06-17T18:08:02.594+0000] {dagbag.py:588} INFO - Filling up the DagBag from /opt/airflow/dags/ETL_flow.py
[2025-06-17T18:08:02.611+0000] {processor.py:925} INFO - DAG(s) 'ingest_csv_to_hive' retrieved from /opt/airflow/dags/ETL_flow.py
[2025-06-17T18:08:02.637+0000] {logging_mixin.py:190} INFO - [2025-06-17T18:08:02.636+0000] {dag.py:3239} INFO - Sync 1 DAGs
[2025-06-17T18:08:02.661+0000] {logging_mixin.py:190} INFO - [2025-06-17T18:08:02.660+0000] {dag.py:4180} INFO - Setting next_dagrun for ingest_csv_to_hive to 2025-06-17 00:00:00+00:00, run_after=2025-06-18 00:00:00+00:00
[2025-06-17T18:08:02.686+0000] {processor.py:208} INFO - Processing /opt/airflow/dags/ETL_flow.py took 0.100 seconds
[2025-06-17T18:08:32.818+0000] {processor.py:186} INFO - Started process (PID=461) to work on /opt/airflow/dags/ETL_flow.py
[2025-06-17T18:08:32.819+0000] {processor.py:914} INFO - Processing file /opt/airflow/dags/ETL_flow.py for tasks to queue
[2025-06-17T18:08:32.821+0000] {logging_mixin.py:190} INFO - [2025-06-17T18:08:32.820+0000] {dagbag.py:588} INFO - Filling up the DagBag from /opt/airflow/dags/ETL_flow.py
[2025-06-17T18:08:32.839+0000] {processor.py:925} INFO - DAG(s) 'ingest_csv_to_hive' retrieved from /opt/airflow/dags/ETL_flow.py
[2025-06-17T18:08:32.863+0000] {logging_mixin.py:190} INFO - [2025-06-17T18:08:32.863+0000] {dag.py:3239} INFO - Sync 1 DAGs
[2025-06-17T18:08:32.886+0000] {logging_mixin.py:190} INFO - [2025-06-17T18:08:32.886+0000] {dag.py:4180} INFO - Setting next_dagrun for ingest_csv_to_hive to 2025-06-17 00:00:00+00:00, run_after=2025-06-18 00:00:00+00:00
[2025-06-17T18:08:32.911+0000] {processor.py:208} INFO - Processing /opt/airflow/dags/ETL_flow.py took 0.098 seconds
[2025-06-17T18:09:03.032+0000] {processor.py:186} INFO - Started process (PID=466) to work on /opt/airflow/dags/ETL_flow.py
[2025-06-17T18:09:03.033+0000] {processor.py:914} INFO - Processing file /opt/airflow/dags/ETL_flow.py for tasks to queue
[2025-06-17T18:09:03.034+0000] {logging_mixin.py:190} INFO - [2025-06-17T18:09:03.034+0000] {dagbag.py:588} INFO - Filling up the DagBag from /opt/airflow/dags/ETL_flow.py
[2025-06-17T18:09:03.051+0000] {processor.py:925} INFO - DAG(s) 'ingest_csv_to_hive' retrieved from /opt/airflow/dags/ETL_flow.py
[2025-06-17T18:09:03.078+0000] {logging_mixin.py:190} INFO - [2025-06-17T18:09:03.078+0000] {dag.py:3239} INFO - Sync 1 DAGs
[2025-06-17T18:09:03.104+0000] {logging_mixin.py:190} INFO - [2025-06-17T18:09:03.104+0000] {dag.py:4180} INFO - Setting next_dagrun for ingest_csv_to_hive to 2025-06-17 00:00:00+00:00, run_after=2025-06-18 00:00:00+00:00
[2025-06-17T18:09:03.122+0000] {processor.py:208} INFO - Processing /opt/airflow/dags/ETL_flow.py took 0.095 seconds
[2025-06-17T18:09:33.283+0000] {processor.py:186} INFO - Started process (PID=471) to work on /opt/airflow/dags/ETL_flow.py
[2025-06-17T18:09:33.283+0000] {processor.py:914} INFO - Processing file /opt/airflow/dags/ETL_flow.py for tasks to queue
[2025-06-17T18:09:33.286+0000] {logging_mixin.py:190} INFO - [2025-06-17T18:09:33.286+0000] {dagbag.py:588} INFO - Filling up the DagBag from /opt/airflow/dags/ETL_flow.py
[2025-06-17T18:09:33.306+0000] {processor.py:925} INFO - DAG(s) 'ingest_csv_to_hive' retrieved from /opt/airflow/dags/ETL_flow.py
[2025-06-17T18:09:33.340+0000] {logging_mixin.py:190} INFO - [2025-06-17T18:09:33.340+0000] {dag.py:3239} INFO - Sync 1 DAGs
[2025-06-17T18:09:33.365+0000] {logging_mixin.py:190} INFO - [2025-06-17T18:09:33.365+0000] {dag.py:4180} INFO - Setting next_dagrun for ingest_csv_to_hive to 2025-06-17 00:00:00+00:00, run_after=2025-06-18 00:00:00+00:00
[2025-06-17T18:09:33.384+0000] {processor.py:208} INFO - Processing /opt/airflow/dags/ETL_flow.py took 0.116 seconds
[2025-06-17T18:10:02.499+0000] {processor.py:186} INFO - Started process (PID=476) to work on /opt/airflow/dags/ETL_flow.py
[2025-06-17T18:10:02.500+0000] {processor.py:914} INFO - Processing file /opt/airflow/dags/ETL_flow.py for tasks to queue
[2025-06-17T18:10:02.503+0000] {logging_mixin.py:190} INFO - [2025-06-17T18:10:02.503+0000] {dagbag.py:588} INFO - Filling up the DagBag from /opt/airflow/dags/ETL_flow.py
[2025-06-17T18:10:02.532+0000] {processor.py:925} INFO - DAG(s) 'ingest_csv_to_hive' retrieved from /opt/airflow/dags/ETL_flow.py
[2025-06-17T18:10:02.759+0000] {logging_mixin.py:190} INFO - [2025-06-17T18:10:02.759+0000] {dag.py:3239} INFO - Sync 1 DAGs
[2025-06-17T18:10:02.789+0000] {logging_mixin.py:190} INFO - [2025-06-17T18:10:02.789+0000] {dag.py:4180} INFO - Setting next_dagrun for ingest_csv_to_hive to 2025-06-17 00:00:00+00:00, run_after=2025-06-18 00:00:00+00:00
[2025-06-17T18:10:02.954+0000] {processor.py:208} INFO - Processing /opt/airflow/dags/ETL_flow.py took 0.463 seconds
[2025-06-17T18:10:06.606+0000] {processor.py:186} INFO - Started process (PID=481) to work on /opt/airflow/dags/ETL_flow.py
[2025-06-17T18:10:06.607+0000] {processor.py:914} INFO - Processing file /opt/airflow/dags/ETL_flow.py for tasks to queue
[2025-06-17T18:10:06.611+0000] {logging_mixin.py:190} INFO - [2025-06-17T18:10:06.611+0000] {dagbag.py:588} INFO - Filling up the DagBag from /opt/airflow/dags/ETL_flow.py
[2025-06-17T18:10:06.638+0000] {processor.py:925} INFO - DAG(s) 'ingest_csv_to_hive' retrieved from /opt/airflow/dags/ETL_flow.py
[2025-06-17T18:10:06.655+0000] {logging_mixin.py:190} INFO - [2025-06-17T18:10:06.654+0000] {dag.py:3239} INFO - Sync 1 DAGs
[2025-06-17T18:10:06.682+0000] {logging_mixin.py:190} INFO - [2025-06-17T18:10:06.681+0000] {dag.py:4180} INFO - Setting next_dagrun for ingest_csv_to_hive to 2025-06-17 00:00:00+00:00, run_after=2025-06-18 00:00:00+00:00
[2025-06-17T18:10:06.704+0000] {processor.py:208} INFO - Processing /opt/airflow/dags/ETL_flow.py took 0.104 seconds
[2025-06-17T18:10:12.661+0000] {processor.py:186} INFO - Started process (PID=486) to work on /opt/airflow/dags/ETL_flow.py
[2025-06-17T18:10:12.662+0000] {processor.py:914} INFO - Processing file /opt/airflow/dags/ETL_flow.py for tasks to queue
[2025-06-17T18:10:12.664+0000] {logging_mixin.py:190} INFO - [2025-06-17T18:10:12.663+0000] {dagbag.py:588} INFO - Filling up the DagBag from /opt/airflow/dags/ETL_flow.py
[2025-06-17T18:10:12.694+0000] {processor.py:925} INFO - DAG(s) 'ingest_csv_to_hive' retrieved from /opt/airflow/dags/ETL_flow.py
[2025-06-17T18:10:12.709+0000] {logging_mixin.py:190} INFO - [2025-06-17T18:10:12.709+0000] {dag.py:3239} INFO - Sync 1 DAGs
[2025-06-17T18:10:12.737+0000] {logging_mixin.py:190} INFO - [2025-06-17T18:10:12.737+0000] {dag.py:4180} INFO - Setting next_dagrun for ingest_csv_to_hive to 2025-06-17 00:00:00+00:00, run_after=2025-06-18 00:00:00+00:00
[2025-06-17T18:10:12.763+0000] {processor.py:208} INFO - Processing /opt/airflow/dags/ETL_flow.py took 0.108 seconds
[2025-06-17T18:10:14.793+0000] {processor.py:186} INFO - Started process (PID=491) to work on /opt/airflow/dags/ETL_flow.py
[2025-06-17T18:10:14.794+0000] {processor.py:914} INFO - Processing file /opt/airflow/dags/ETL_flow.py for tasks to queue
[2025-06-17T18:10:14.796+0000] {logging_mixin.py:190} INFO - [2025-06-17T18:10:14.796+0000] {dagbag.py:588} INFO - Filling up the DagBag from /opt/airflow/dags/ETL_flow.py
[2025-06-17T18:10:14.822+0000] {processor.py:925} INFO - DAG(s) 'ingest_csv_to_hive' retrieved from /opt/airflow/dags/ETL_flow.py
[2025-06-17T18:10:14.839+0000] {logging_mixin.py:190} INFO - [2025-06-17T18:10:14.838+0000] {dag.py:3239} INFO - Sync 1 DAGs
[2025-06-17T18:10:14.865+0000] {logging_mixin.py:190} INFO - [2025-06-17T18:10:14.865+0000] {dag.py:4180} INFO - Setting next_dagrun for ingest_csv_to_hive to 2025-06-17 00:00:00+00:00, run_after=2025-06-18 00:00:00+00:00
[2025-06-17T18:10:14.889+0000] {processor.py:208} INFO - Processing /opt/airflow/dags/ETL_flow.py took 0.102 seconds
[2025-06-17T18:10:16.838+0000] {processor.py:186} INFO - Started process (PID=496) to work on /opt/airflow/dags/ETL_flow.py
[2025-06-17T18:10:16.839+0000] {processor.py:914} INFO - Processing file /opt/airflow/dags/ETL_flow.py for tasks to queue
[2025-06-17T18:10:16.842+0000] {logging_mixin.py:190} INFO - [2025-06-17T18:10:16.841+0000] {dagbag.py:588} INFO - Filling up the DagBag from /opt/airflow/dags/ETL_flow.py
[2025-06-17T18:10:16.872+0000] {processor.py:925} INFO - DAG(s) 'ingest_csv_to_hive' retrieved from /opt/airflow/dags/ETL_flow.py
[2025-06-17T18:10:16.887+0000] {logging_mixin.py:190} INFO - [2025-06-17T18:10:16.887+0000] {dag.py:3239} INFO - Sync 1 DAGs
[2025-06-17T18:10:16.917+0000] {logging_mixin.py:190} INFO - [2025-06-17T18:10:16.917+0000] {dag.py:4180} INFO - Setting next_dagrun for ingest_csv_to_hive to 2025-06-17 00:00:00+00:00, run_after=2025-06-18 00:00:00+00:00
[2025-06-17T18:10:16.940+0000] {processor.py:208} INFO - Processing /opt/airflow/dags/ETL_flow.py took 0.109 seconds
[2025-06-17T18:10:47.120+0000] {processor.py:186} INFO - Started process (PID=574) to work on /opt/airflow/dags/ETL_flow.py
[2025-06-17T18:10:47.120+0000] {processor.py:914} INFO - Processing file /opt/airflow/dags/ETL_flow.py for tasks to queue
[2025-06-17T18:10:47.123+0000] {logging_mixin.py:190} INFO - [2025-06-17T18:10:47.122+0000] {dagbag.py:588} INFO - Filling up the DagBag from /opt/airflow/dags/ETL_flow.py
[2025-06-17T18:10:47.140+0000] {processor.py:925} INFO - DAG(s) 'ingest_csv_to_hive' retrieved from /opt/airflow/dags/ETL_flow.py
[2025-06-17T18:10:47.167+0000] {logging_mixin.py:190} INFO - [2025-06-17T18:10:47.167+0000] {dag.py:3239} INFO - Sync 1 DAGs
[2025-06-17T18:10:47.190+0000] {logging_mixin.py:190} INFO - [2025-06-17T18:10:47.189+0000] {dag.py:4180} INFO - Setting next_dagrun for ingest_csv_to_hive to 2025-06-17 00:00:00+00:00, run_after=2025-06-18 00:00:00+00:00
[2025-06-17T18:10:47.209+0000] {processor.py:208} INFO - Processing /opt/airflow/dags/ETL_flow.py took 0.094 seconds
[2025-06-17T18:11:17.317+0000] {processor.py:186} INFO - Started process (PID=579) to work on /opt/airflow/dags/ETL_flow.py
[2025-06-17T18:11:17.319+0000] {processor.py:914} INFO - Processing file /opt/airflow/dags/ETL_flow.py for tasks to queue
[2025-06-17T18:11:17.323+0000] {logging_mixin.py:190} INFO - [2025-06-17T18:11:17.323+0000] {dagbag.py:588} INFO - Filling up the DagBag from /opt/airflow/dags/ETL_flow.py
[2025-06-17T18:11:17.356+0000] {processor.py:925} INFO - DAG(s) 'ingest_csv_to_hive' retrieved from /opt/airflow/dags/ETL_flow.py
[2025-06-17T18:11:17.400+0000] {logging_mixin.py:190} INFO - [2025-06-17T18:11:17.400+0000] {dag.py:3239} INFO - Sync 1 DAGs
[2025-06-17T18:11:17.425+0000] {logging_mixin.py:190} INFO - [2025-06-17T18:11:17.425+0000] {dag.py:4180} INFO - Setting next_dagrun for ingest_csv_to_hive to 2025-06-17 00:00:00+00:00, run_after=2025-06-18 00:00:00+00:00
[2025-06-17T18:11:17.449+0000] {processor.py:208} INFO - Processing /opt/airflow/dags/ETL_flow.py took 0.138 seconds
[2025-06-17T18:11:47.592+0000] {processor.py:186} INFO - Started process (PID=584) to work on /opt/airflow/dags/ETL_flow.py
[2025-06-17T18:11:47.592+0000] {processor.py:914} INFO - Processing file /opt/airflow/dags/ETL_flow.py for tasks to queue
[2025-06-17T18:11:47.595+0000] {logging_mixin.py:190} INFO - [2025-06-17T18:11:47.595+0000] {dagbag.py:588} INFO - Filling up the DagBag from /opt/airflow/dags/ETL_flow.py
[2025-06-17T18:11:47.616+0000] {processor.py:925} INFO - DAG(s) 'ingest_csv_to_hive' retrieved from /opt/airflow/dags/ETL_flow.py
[2025-06-17T18:11:47.644+0000] {logging_mixin.py:190} INFO - [2025-06-17T18:11:47.644+0000] {dag.py:3239} INFO - Sync 1 DAGs
[2025-06-17T18:11:47.667+0000] {logging_mixin.py:190} INFO - [2025-06-17T18:11:47.667+0000] {dag.py:4180} INFO - Setting next_dagrun for ingest_csv_to_hive to 2025-06-17 00:00:00+00:00, run_after=2025-06-18 00:00:00+00:00
[2025-06-17T18:11:47.693+0000] {processor.py:208} INFO - Processing /opt/airflow/dags/ETL_flow.py took 0.114 seconds
[2025-06-17T18:12:17.818+0000] {processor.py:186} INFO - Started process (PID=589) to work on /opt/airflow/dags/ETL_flow.py
[2025-06-17T18:12:17.819+0000] {processor.py:914} INFO - Processing file /opt/airflow/dags/ETL_flow.py for tasks to queue
[2025-06-17T18:12:17.821+0000] {logging_mixin.py:190} INFO - [2025-06-17T18:12:17.821+0000] {dagbag.py:588} INFO - Filling up the DagBag from /opt/airflow/dags/ETL_flow.py
[2025-06-17T18:12:17.839+0000] {processor.py:925} INFO - DAG(s) 'ingest_csv_to_hive' retrieved from /opt/airflow/dags/ETL_flow.py
[2025-06-17T18:12:17.866+0000] {logging_mixin.py:190} INFO - [2025-06-17T18:12:17.866+0000] {dag.py:3239} INFO - Sync 1 DAGs
[2025-06-17T18:12:17.890+0000] {logging_mixin.py:190} INFO - [2025-06-17T18:12:17.890+0000] {dag.py:4180} INFO - Setting next_dagrun for ingest_csv_to_hive to 2025-06-17 00:00:00+00:00, run_after=2025-06-18 00:00:00+00:00
[2025-06-17T18:12:17.916+0000] {processor.py:208} INFO - Processing /opt/airflow/dags/ETL_flow.py took 0.104 seconds
[2025-06-17T18:12:48.058+0000] {processor.py:186} INFO - Started process (PID=594) to work on /opt/airflow/dags/ETL_flow.py
[2025-06-17T18:12:48.060+0000] {processor.py:914} INFO - Processing file /opt/airflow/dags/ETL_flow.py for tasks to queue
[2025-06-17T18:12:48.063+0000] {logging_mixin.py:190} INFO - [2025-06-17T18:12:48.062+0000] {dagbag.py:588} INFO - Filling up the DagBag from /opt/airflow/dags/ETL_flow.py
[2025-06-17T18:12:48.086+0000] {processor.py:925} INFO - DAG(s) 'ingest_csv_to_hive' retrieved from /opt/airflow/dags/ETL_flow.py
[2025-06-17T18:12:48.116+0000] {logging_mixin.py:190} INFO - [2025-06-17T18:12:48.116+0000] {dag.py:3239} INFO - Sync 1 DAGs
[2025-06-17T18:12:48.142+0000] {logging_mixin.py:190} INFO - [2025-06-17T18:12:48.142+0000] {dag.py:4180} INFO - Setting next_dagrun for ingest_csv_to_hive to 2025-06-17 00:00:00+00:00, run_after=2025-06-18 00:00:00+00:00
[2025-06-17T18:12:48.161+0000] {processor.py:208} INFO - Processing /opt/airflow/dags/ETL_flow.py took 0.109 seconds
[2025-06-17T18:13:18.269+0000] {processor.py:186} INFO - Started process (PID=599) to work on /opt/airflow/dags/ETL_flow.py
[2025-06-17T18:13:18.270+0000] {processor.py:914} INFO - Processing file /opt/airflow/dags/ETL_flow.py for tasks to queue
[2025-06-17T18:13:18.272+0000] {logging_mixin.py:190} INFO - [2025-06-17T18:13:18.272+0000] {dagbag.py:588} INFO - Filling up the DagBag from /opt/airflow/dags/ETL_flow.py
[2025-06-17T18:13:18.291+0000] {processor.py:925} INFO - DAG(s) 'ingest_csv_to_hive' retrieved from /opt/airflow/dags/ETL_flow.py
[2025-06-17T18:13:18.319+0000] {logging_mixin.py:190} INFO - [2025-06-17T18:13:18.318+0000] {dag.py:3239} INFO - Sync 1 DAGs
[2025-06-17T18:13:18.344+0000] {logging_mixin.py:190} INFO - [2025-06-17T18:13:18.344+0000] {dag.py:4180} INFO - Setting next_dagrun for ingest_csv_to_hive to 2025-06-17 00:00:00+00:00, run_after=2025-06-18 00:00:00+00:00
[2025-06-17T18:13:18.362+0000] {processor.py:208} INFO - Processing /opt/airflow/dags/ETL_flow.py took 0.100 seconds
[2025-06-17T18:13:48.550+0000] {processor.py:186} INFO - Started process (PID=604) to work on /opt/airflow/dags/ETL_flow.py
[2025-06-17T18:13:48.551+0000] {processor.py:914} INFO - Processing file /opt/airflow/dags/ETL_flow.py for tasks to queue
[2025-06-17T18:13:48.554+0000] {logging_mixin.py:190} INFO - [2025-06-17T18:13:48.553+0000] {dagbag.py:588} INFO - Filling up the DagBag from /opt/airflow/dags/ETL_flow.py
[2025-06-17T18:13:48.572+0000] {processor.py:925} INFO - DAG(s) 'ingest_csv_to_hive' retrieved from /opt/airflow/dags/ETL_flow.py
[2025-06-17T18:13:48.601+0000] {logging_mixin.py:190} INFO - [2025-06-17T18:13:48.601+0000] {dag.py:3239} INFO - Sync 1 DAGs
[2025-06-17T18:13:48.643+0000] {logging_mixin.py:190} INFO - [2025-06-17T18:13:48.643+0000] {dag.py:4180} INFO - Setting next_dagrun for ingest_csv_to_hive to 2025-06-17 00:00:00+00:00, run_after=2025-06-18 00:00:00+00:00
[2025-06-17T18:13:48.671+0000] {processor.py:208} INFO - Processing /opt/airflow/dags/ETL_flow.py took 0.126 seconds
[2025-06-17T18:14:18.738+0000] {processor.py:186} INFO - Started process (PID=609) to work on /opt/airflow/dags/ETL_flow.py
[2025-06-17T18:14:18.739+0000] {processor.py:914} INFO - Processing file /opt/airflow/dags/ETL_flow.py for tasks to queue
[2025-06-17T18:14:18.741+0000] {logging_mixin.py:190} INFO - [2025-06-17T18:14:18.741+0000] {dagbag.py:588} INFO - Filling up the DagBag from /opt/airflow/dags/ETL_flow.py
[2025-06-17T18:14:18.765+0000] {processor.py:925} INFO - DAG(s) 'ingest_csv_to_hive' retrieved from /opt/airflow/dags/ETL_flow.py
[2025-06-17T18:14:18.795+0000] {logging_mixin.py:190} INFO - [2025-06-17T18:14:18.795+0000] {dag.py:3239} INFO - Sync 1 DAGs
[2025-06-17T18:14:18.821+0000] {logging_mixin.py:190} INFO - [2025-06-17T18:14:18.821+0000] {dag.py:4180} INFO - Setting next_dagrun for ingest_csv_to_hive to 2025-06-17 00:00:00+00:00, run_after=2025-06-18 00:00:00+00:00
[2025-06-17T18:14:18.842+0000] {processor.py:208} INFO - Processing /opt/airflow/dags/ETL_flow.py took 0.110 seconds
[2025-06-17T18:14:49.047+0000] {processor.py:186} INFO - Started process (PID=614) to work on /opt/airflow/dags/ETL_flow.py
[2025-06-17T18:14:49.048+0000] {processor.py:914} INFO - Processing file /opt/airflow/dags/ETL_flow.py for tasks to queue
[2025-06-17T18:14:49.051+0000] {logging_mixin.py:190} INFO - [2025-06-17T18:14:49.051+0000] {dagbag.py:588} INFO - Filling up the DagBag from /opt/airflow/dags/ETL_flow.py
[2025-06-17T18:14:49.074+0000] {processor.py:925} INFO - DAG(s) 'ingest_csv_to_hive' retrieved from /opt/airflow/dags/ETL_flow.py
[2025-06-17T18:14:49.105+0000] {logging_mixin.py:190} INFO - [2025-06-17T18:14:49.105+0000] {dag.py:3239} INFO - Sync 1 DAGs
[2025-06-17T18:14:49.136+0000] {logging_mixin.py:190} INFO - [2025-06-17T18:14:49.136+0000] {dag.py:4180} INFO - Setting next_dagrun for ingest_csv_to_hive to 2025-06-17 00:00:00+00:00, run_after=2025-06-18 00:00:00+00:00
[2025-06-17T18:14:49.158+0000] {processor.py:208} INFO - Processing /opt/airflow/dags/ETL_flow.py took 0.118 seconds
[2025-06-17T18:15:19.228+0000] {processor.py:186} INFO - Started process (PID=619) to work on /opt/airflow/dags/ETL_flow.py
[2025-06-17T18:15:19.228+0000] {processor.py:914} INFO - Processing file /opt/airflow/dags/ETL_flow.py for tasks to queue
[2025-06-17T18:15:19.231+0000] {logging_mixin.py:190} INFO - [2025-06-17T18:15:19.231+0000] {dagbag.py:588} INFO - Filling up the DagBag from /opt/airflow/dags/ETL_flow.py
[2025-06-17T18:15:19.252+0000] {processor.py:925} INFO - DAG(s) 'ingest_csv_to_hive' retrieved from /opt/airflow/dags/ETL_flow.py
[2025-06-17T18:15:19.285+0000] {logging_mixin.py:190} INFO - [2025-06-17T18:15:19.285+0000] {dag.py:3239} INFO - Sync 1 DAGs
[2025-06-17T18:15:19.318+0000] {logging_mixin.py:190} INFO - [2025-06-17T18:15:19.318+0000] {dag.py:4180} INFO - Setting next_dagrun for ingest_csv_to_hive to 2025-06-17 00:00:00+00:00, run_after=2025-06-18 00:00:00+00:00
[2025-06-17T18:15:19.349+0000] {processor.py:208} INFO - Processing /opt/airflow/dags/ETL_flow.py took 0.126 seconds
[2025-06-17T18:15:49.524+0000] {processor.py:186} INFO - Started process (PID=696) to work on /opt/airflow/dags/ETL_flow.py
[2025-06-17T18:15:49.524+0000] {processor.py:914} INFO - Processing file /opt/airflow/dags/ETL_flow.py for tasks to queue
[2025-06-17T18:15:49.526+0000] {logging_mixin.py:190} INFO - [2025-06-17T18:15:49.526+0000] {dagbag.py:588} INFO - Filling up the DagBag from /opt/airflow/dags/ETL_flow.py
[2025-06-17T18:15:49.543+0000] {processor.py:925} INFO - DAG(s) 'ingest_csv_to_hive' retrieved from /opt/airflow/dags/ETL_flow.py
[2025-06-17T18:15:49.570+0000] {logging_mixin.py:190} INFO - [2025-06-17T18:15:49.570+0000] {dag.py:3239} INFO - Sync 1 DAGs
[2025-06-17T18:15:49.594+0000] {logging_mixin.py:190} INFO - [2025-06-17T18:15:49.594+0000] {dag.py:4180} INFO - Setting next_dagrun for ingest_csv_to_hive to 2025-06-17 00:00:00+00:00, run_after=2025-06-18 00:00:00+00:00
[2025-06-17T18:15:49.611+0000] {processor.py:208} INFO - Processing /opt/airflow/dags/ETL_flow.py took 0.093 seconds
[2025-06-17T18:16:19.712+0000] {processor.py:186} INFO - Started process (PID=701) to work on /opt/airflow/dags/ETL_flow.py
[2025-06-17T18:16:19.713+0000] {processor.py:914} INFO - Processing file /opt/airflow/dags/ETL_flow.py for tasks to queue
[2025-06-17T18:16:19.716+0000] {logging_mixin.py:190} INFO - [2025-06-17T18:16:19.715+0000] {dagbag.py:588} INFO - Filling up the DagBag from /opt/airflow/dags/ETL_flow.py
[2025-06-17T18:16:19.733+0000] {processor.py:925} INFO - DAG(s) 'ingest_csv_to_hive' retrieved from /opt/airflow/dags/ETL_flow.py
[2025-06-17T18:16:19.763+0000] {logging_mixin.py:190} INFO - [2025-06-17T18:16:19.763+0000] {dag.py:3239} INFO - Sync 1 DAGs
[2025-06-17T18:16:19.789+0000] {logging_mixin.py:190} INFO - [2025-06-17T18:16:19.789+0000] {dag.py:4180} INFO - Setting next_dagrun for ingest_csv_to_hive to 2025-06-17 00:00:00+00:00, run_after=2025-06-18 00:00:00+00:00
[2025-06-17T18:16:19.809+0000] {processor.py:208} INFO - Processing /opt/airflow/dags/ETL_flow.py took 0.103 seconds
[2025-06-17T18:16:49.985+0000] {processor.py:186} INFO - Started process (PID=706) to work on /opt/airflow/dags/ETL_flow.py
[2025-06-17T18:16:49.986+0000] {processor.py:914} INFO - Processing file /opt/airflow/dags/ETL_flow.py for tasks to queue
[2025-06-17T18:16:49.989+0000] {logging_mixin.py:190} INFO - [2025-06-17T18:16:49.988+0000] {dagbag.py:588} INFO - Filling up the DagBag from /opt/airflow/dags/ETL_flow.py
[2025-06-17T18:16:50.010+0000] {processor.py:925} INFO - DAG(s) 'ingest_csv_to_hive' retrieved from /opt/airflow/dags/ETL_flow.py
[2025-06-17T18:16:50.045+0000] {logging_mixin.py:190} INFO - [2025-06-17T18:16:50.044+0000] {dag.py:3239} INFO - Sync 1 DAGs
[2025-06-17T18:16:50.073+0000] {logging_mixin.py:190} INFO - [2025-06-17T18:16:50.073+0000] {dag.py:4180} INFO - Setting next_dagrun for ingest_csv_to_hive to 2025-06-17 00:00:00+00:00, run_after=2025-06-18 00:00:00+00:00
[2025-06-17T18:16:50.104+0000] {processor.py:208} INFO - Processing /opt/airflow/dags/ETL_flow.py took 0.125 seconds
[2025-06-17T18:17:01.084+0000] {processor.py:186} INFO - Started process (PID=711) to work on /opt/airflow/dags/ETL_flow.py
[2025-06-17T18:17:01.085+0000] {processor.py:914} INFO - Processing file /opt/airflow/dags/ETL_flow.py for tasks to queue
[2025-06-17T18:17:01.088+0000] {logging_mixin.py:190} INFO - [2025-06-17T18:17:01.088+0000] {dagbag.py:588} INFO - Filling up the DagBag from /opt/airflow/dags/ETL_flow.py
[2025-06-17T18:17:01.123+0000] {processor.py:925} INFO - DAG(s) 'ingest_csv_to_hive' retrieved from /opt/airflow/dags/ETL_flow.py
[2025-06-17T18:17:01.388+0000] {logging_mixin.py:190} INFO - [2025-06-17T18:17:01.388+0000] {dag.py:3239} INFO - Sync 1 DAGs
[2025-06-17T18:17:01.409+0000] {logging_mixin.py:190} INFO - [2025-06-17T18:17:01.409+0000] {dag.py:4180} INFO - Setting next_dagrun for ingest_csv_to_hive to 2025-06-17 00:00:00+00:00, run_after=2025-06-18 00:00:00+00:00
[2025-06-17T18:17:01.430+0000] {processor.py:208} INFO - Processing /opt/airflow/dags/ETL_flow.py took 0.354 seconds
[2025-06-17T18:17:05.236+0000] {processor.py:186} INFO - Started process (PID=716) to work on /opt/airflow/dags/ETL_flow.py
[2025-06-17T18:17:05.237+0000] {processor.py:914} INFO - Processing file /opt/airflow/dags/ETL_flow.py for tasks to queue
[2025-06-17T18:17:05.239+0000] {logging_mixin.py:190} INFO - [2025-06-17T18:17:05.239+0000] {dagbag.py:588} INFO - Filling up the DagBag from /opt/airflow/dags/ETL_flow.py
[2025-06-17T18:17:05.264+0000] {processor.py:925} INFO - DAG(s) 'ingest_csv_to_hive' retrieved from /opt/airflow/dags/ETL_flow.py
[2025-06-17T18:17:05.277+0000] {logging_mixin.py:190} INFO - [2025-06-17T18:17:05.277+0000] {dag.py:3239} INFO - Sync 1 DAGs
[2025-06-17T18:17:05.302+0000] {logging_mixin.py:190} INFO - [2025-06-17T18:17:05.302+0000] {dag.py:4180} INFO - Setting next_dagrun for ingest_csv_to_hive to 2025-06-17 00:00:00+00:00, run_after=2025-06-18 00:00:00+00:00
[2025-06-17T18:17:05.322+0000] {processor.py:208} INFO - Processing /opt/airflow/dags/ETL_flow.py took 0.091 seconds
[2025-06-17T18:17:08.418+0000] {processor.py:186} INFO - Started process (PID=721) to work on /opt/airflow/dags/ETL_flow.py
[2025-06-17T18:17:08.419+0000] {processor.py:914} INFO - Processing file /opt/airflow/dags/ETL_flow.py for tasks to queue
[2025-06-17T18:17:08.424+0000] {logging_mixin.py:190} INFO - [2025-06-17T18:17:08.423+0000] {dagbag.py:588} INFO - Filling up the DagBag from /opt/airflow/dags/ETL_flow.py
[2025-06-17T18:17:08.466+0000] {processor.py:925} INFO - DAG(s) 'ingest_csv_to_hive' retrieved from /opt/airflow/dags/ETL_flow.py
[2025-06-17T18:17:08.483+0000] {logging_mixin.py:190} INFO - [2025-06-17T18:17:08.483+0000] {dag.py:3239} INFO - Sync 1 DAGs
[2025-06-17T18:17:08.513+0000] {logging_mixin.py:190} INFO - [2025-06-17T18:17:08.513+0000] {dag.py:4180} INFO - Setting next_dagrun for ingest_csv_to_hive to 2025-06-17 00:00:00+00:00, run_after=2025-06-18 00:00:00+00:00
[2025-06-17T18:17:08.537+0000] {processor.py:208} INFO - Processing /opt/airflow/dags/ETL_flow.py took 0.128 seconds
[2025-06-17T18:17:38.612+0000] {processor.py:186} INFO - Started process (PID=906) to work on /opt/airflow/dags/ETL_flow.py
[2025-06-17T18:17:38.613+0000] {processor.py:914} INFO - Processing file /opt/airflow/dags/ETL_flow.py for tasks to queue
[2025-06-17T18:17:38.615+0000] {logging_mixin.py:190} INFO - [2025-06-17T18:17:38.615+0000] {dagbag.py:588} INFO - Filling up the DagBag from /opt/airflow/dags/ETL_flow.py
[2025-06-17T18:17:38.637+0000] {processor.py:925} INFO - DAG(s) 'ingest_csv_to_hive' retrieved from /opt/airflow/dags/ETL_flow.py
[2025-06-17T18:17:38.768+0000] {logging_mixin.py:190} INFO - [2025-06-17T18:17:38.767+0000] {dag.py:3239} INFO - Sync 1 DAGs
[2025-06-17T18:17:38.790+0000] {logging_mixin.py:190} INFO - [2025-06-17T18:17:38.789+0000] {dag.py:4180} INFO - Setting next_dagrun for ingest_csv_to_hive to 2025-06-17 00:00:00+00:00, run_after=2025-06-18 00:00:00+00:00
[2025-06-17T18:17:38.824+0000] {processor.py:208} INFO - Processing /opt/airflow/dags/ETL_flow.py took 0.219 seconds
[2025-06-17T18:18:08.923+0000] {processor.py:186} INFO - Started process (PID=911) to work on /opt/airflow/dags/ETL_flow.py
[2025-06-17T18:18:08.924+0000] {processor.py:914} INFO - Processing file /opt/airflow/dags/ETL_flow.py for tasks to queue
[2025-06-17T18:18:08.927+0000] {logging_mixin.py:190} INFO - [2025-06-17T18:18:08.927+0000] {dagbag.py:588} INFO - Filling up the DagBag from /opt/airflow/dags/ETL_flow.py
[2025-06-17T18:18:08.953+0000] {processor.py:925} INFO - DAG(s) 'ingest_csv_to_hive' retrieved from /opt/airflow/dags/ETL_flow.py
[2025-06-17T18:18:08.987+0000] {logging_mixin.py:190} INFO - [2025-06-17T18:18:08.987+0000] {dag.py:3239} INFO - Sync 1 DAGs
[2025-06-17T18:18:09.014+0000] {logging_mixin.py:190} INFO - [2025-06-17T18:18:09.014+0000] {dag.py:4180} INFO - Setting next_dagrun for ingest_csv_to_hive to 2025-06-17 00:00:00+00:00, run_after=2025-06-18 00:00:00+00:00
[2025-06-17T18:18:09.057+0000] {processor.py:208} INFO - Processing /opt/airflow/dags/ETL_flow.py took 0.142 seconds
[2025-06-17T18:18:39.290+0000] {processor.py:186} INFO - Started process (PID=916) to work on /opt/airflow/dags/ETL_flow.py
[2025-06-17T18:18:39.290+0000] {processor.py:914} INFO - Processing file /opt/airflow/dags/ETL_flow.py for tasks to queue
[2025-06-17T18:18:39.293+0000] {logging_mixin.py:190} INFO - [2025-06-17T18:18:39.293+0000] {dagbag.py:588} INFO - Filling up the DagBag from /opt/airflow/dags/ETL_flow.py
[2025-06-17T18:18:39.311+0000] {processor.py:925} INFO - DAG(s) 'ingest_csv_to_hive' retrieved from /opt/airflow/dags/ETL_flow.py
[2025-06-17T18:18:39.338+0000] {logging_mixin.py:190} INFO - [2025-06-17T18:18:39.338+0000] {dag.py:3239} INFO - Sync 1 DAGs
[2025-06-17T18:18:39.362+0000] {logging_mixin.py:190} INFO - [2025-06-17T18:18:39.362+0000] {dag.py:4180} INFO - Setting next_dagrun for ingest_csv_to_hive to 2025-06-17 00:00:00+00:00, run_after=2025-06-18 00:00:00+00:00
[2025-06-17T18:18:39.382+0000] {processor.py:208} INFO - Processing /opt/airflow/dags/ETL_flow.py took 0.097 seconds
[2025-06-17T18:19:09.488+0000] {processor.py:186} INFO - Started process (PID=921) to work on /opt/airflow/dags/ETL_flow.py
[2025-06-17T18:19:09.490+0000] {processor.py:914} INFO - Processing file /opt/airflow/dags/ETL_flow.py for tasks to queue
[2025-06-17T18:19:09.492+0000] {logging_mixin.py:190} INFO - [2025-06-17T18:19:09.492+0000] {dagbag.py:588} INFO - Filling up the DagBag from /opt/airflow/dags/ETL_flow.py
[2025-06-17T18:19:09.514+0000] {processor.py:925} INFO - DAG(s) 'ingest_csv_to_hive' retrieved from /opt/airflow/dags/ETL_flow.py
[2025-06-17T18:19:09.546+0000] {logging_mixin.py:190} INFO - [2025-06-17T18:19:09.546+0000] {dag.py:3239} INFO - Sync 1 DAGs
[2025-06-17T18:19:09.574+0000] {logging_mixin.py:190} INFO - [2025-06-17T18:19:09.574+0000] {dag.py:4180} INFO - Setting next_dagrun for ingest_csv_to_hive to 2025-06-17 00:00:00+00:00, run_after=2025-06-18 00:00:00+00:00
[2025-06-17T18:19:09.592+0000] {processor.py:208} INFO - Processing /opt/airflow/dags/ETL_flow.py took 0.112 seconds
[2025-06-17T18:19:39.752+0000] {processor.py:186} INFO - Started process (PID=926) to work on /opt/airflow/dags/ETL_flow.py
[2025-06-17T18:19:39.753+0000] {processor.py:914} INFO - Processing file /opt/airflow/dags/ETL_flow.py for tasks to queue
[2025-06-17T18:19:39.755+0000] {logging_mixin.py:190} INFO - [2025-06-17T18:19:39.755+0000] {dagbag.py:588} INFO - Filling up the DagBag from /opt/airflow/dags/ETL_flow.py
[2025-06-17T18:19:39.773+0000] {processor.py:925} INFO - DAG(s) 'ingest_csv_to_hive' retrieved from /opt/airflow/dags/ETL_flow.py
[2025-06-17T18:19:39.798+0000] {logging_mixin.py:190} INFO - [2025-06-17T18:19:39.798+0000] {dag.py:3239} INFO - Sync 1 DAGs
[2025-06-17T18:19:39.820+0000] {logging_mixin.py:190} INFO - [2025-06-17T18:19:39.820+0000] {dag.py:4180} INFO - Setting next_dagrun for ingest_csv_to_hive to 2025-06-17 00:00:00+00:00, run_after=2025-06-18 00:00:00+00:00
[2025-06-17T18:19:39.838+0000] {processor.py:208} INFO - Processing /opt/airflow/dags/ETL_flow.py took 0.092 seconds
[2025-06-17T18:20:09.954+0000] {processor.py:186} INFO - Started process (PID=931) to work on /opt/airflow/dags/ETL_flow.py
[2025-06-17T18:20:09.955+0000] {processor.py:914} INFO - Processing file /opt/airflow/dags/ETL_flow.py for tasks to queue
[2025-06-17T18:20:09.957+0000] {logging_mixin.py:190} INFO - [2025-06-17T18:20:09.956+0000] {dagbag.py:588} INFO - Filling up the DagBag from /opt/airflow/dags/ETL_flow.py
[2025-06-17T18:20:09.976+0000] {processor.py:925} INFO - DAG(s) 'ingest_csv_to_hive' retrieved from /opt/airflow/dags/ETL_flow.py
[2025-06-17T18:20:10.005+0000] {logging_mixin.py:190} INFO - [2025-06-17T18:20:10.005+0000] {dag.py:3239} INFO - Sync 1 DAGs
[2025-06-17T18:20:10.031+0000] {logging_mixin.py:190} INFO - [2025-06-17T18:20:10.031+0000] {dag.py:4180} INFO - Setting next_dagrun for ingest_csv_to_hive to 2025-06-17 00:00:00+00:00, run_after=2025-06-18 00:00:00+00:00
[2025-06-17T18:20:10.049+0000] {processor.py:208} INFO - Processing /opt/airflow/dags/ETL_flow.py took 0.101 seconds
[2025-06-17T18:20:40.205+0000] {processor.py:186} INFO - Started process (PID=936) to work on /opt/airflow/dags/ETL_flow.py
[2025-06-17T18:20:40.206+0000] {processor.py:914} INFO - Processing file /opt/airflow/dags/ETL_flow.py for tasks to queue
[2025-06-17T18:20:40.208+0000] {logging_mixin.py:190} INFO - [2025-06-17T18:20:40.207+0000] {dagbag.py:588} INFO - Filling up the DagBag from /opt/airflow/dags/ETL_flow.py
[2025-06-17T18:20:40.226+0000] {processor.py:925} INFO - DAG(s) 'ingest_csv_to_hive' retrieved from /opt/airflow/dags/ETL_flow.py
[2025-06-17T18:20:40.256+0000] {logging_mixin.py:190} INFO - [2025-06-17T18:20:40.256+0000] {dag.py:3239} INFO - Sync 1 DAGs
[2025-06-17T18:20:40.283+0000] {logging_mixin.py:190} INFO - [2025-06-17T18:20:40.283+0000] {dag.py:4180} INFO - Setting next_dagrun for ingest_csv_to_hive to 2025-06-17 00:00:00+00:00, run_after=2025-06-18 00:00:00+00:00
[2025-06-17T18:20:40.310+0000] {processor.py:208} INFO - Processing /opt/airflow/dags/ETL_flow.py took 0.112 seconds
[2025-06-17T18:21:10.421+0000] {processor.py:186} INFO - Started process (PID=941) to work on /opt/airflow/dags/ETL_flow.py
[2025-06-17T18:21:10.422+0000] {processor.py:914} INFO - Processing file /opt/airflow/dags/ETL_flow.py for tasks to queue
[2025-06-17T18:21:10.424+0000] {logging_mixin.py:190} INFO - [2025-06-17T18:21:10.424+0000] {dagbag.py:588} INFO - Filling up the DagBag from /opt/airflow/dags/ETL_flow.py
[2025-06-17T18:21:10.445+0000] {processor.py:925} INFO - DAG(s) 'ingest_csv_to_hive' retrieved from /opt/airflow/dags/ETL_flow.py
[2025-06-17T18:21:10.475+0000] {logging_mixin.py:190} INFO - [2025-06-17T18:21:10.475+0000] {dag.py:3239} INFO - Sync 1 DAGs
[2025-06-17T18:21:10.508+0000] {logging_mixin.py:190} INFO - [2025-06-17T18:21:10.508+0000] {dag.py:4180} INFO - Setting next_dagrun for ingest_csv_to_hive to 2025-06-17 00:00:00+00:00, run_after=2025-06-18 00:00:00+00:00
[2025-06-17T18:21:10.533+0000] {processor.py:208} INFO - Processing /opt/airflow/dags/ETL_flow.py took 0.119 seconds
[2025-06-17T18:21:40.715+0000] {processor.py:186} INFO - Started process (PID=946) to work on /opt/airflow/dags/ETL_flow.py
[2025-06-17T18:21:40.717+0000] {processor.py:914} INFO - Processing file /opt/airflow/dags/ETL_flow.py for tasks to queue
[2025-06-17T18:21:40.719+0000] {logging_mixin.py:190} INFO - [2025-06-17T18:21:40.719+0000] {dagbag.py:588} INFO - Filling up the DagBag from /opt/airflow/dags/ETL_flow.py
[2025-06-17T18:21:40.742+0000] {processor.py:925} INFO - DAG(s) 'ingest_csv_to_hive' retrieved from /opt/airflow/dags/ETL_flow.py
[2025-06-17T18:21:40.770+0000] {logging_mixin.py:190} INFO - [2025-06-17T18:21:40.769+0000] {dag.py:3239} INFO - Sync 1 DAGs
[2025-06-17T18:21:40.800+0000] {logging_mixin.py:190} INFO - [2025-06-17T18:21:40.799+0000] {dag.py:4180} INFO - Setting next_dagrun for ingest_csv_to_hive to 2025-06-17 00:00:00+00:00, run_after=2025-06-18 00:00:00+00:00
[2025-06-17T18:21:40.818+0000] {processor.py:208} INFO - Processing /opt/airflow/dags/ETL_flow.py took 0.126 seconds
[2025-06-17T18:22:10.897+0000] {processor.py:186} INFO - Started process (PID=951) to work on /opt/airflow/dags/ETL_flow.py
[2025-06-17T18:22:10.898+0000] {processor.py:914} INFO - Processing file /opt/airflow/dags/ETL_flow.py for tasks to queue
[2025-06-17T18:22:10.901+0000] {logging_mixin.py:190} INFO - [2025-06-17T18:22:10.900+0000] {dagbag.py:588} INFO - Filling up the DagBag from /opt/airflow/dags/ETL_flow.py
[2025-06-17T18:22:10.922+0000] {processor.py:925} INFO - DAG(s) 'ingest_csv_to_hive' retrieved from /opt/airflow/dags/ETL_flow.py
[2025-06-17T18:22:10.963+0000] {logging_mixin.py:190} INFO - [2025-06-17T18:22:10.963+0000] {dag.py:3239} INFO - Sync 1 DAGs
[2025-06-17T18:22:10.993+0000] {logging_mixin.py:190} INFO - [2025-06-17T18:22:10.993+0000] {dag.py:4180} INFO - Setting next_dagrun for ingest_csv_to_hive to 2025-06-17 00:00:00+00:00, run_after=2025-06-18 00:00:00+00:00
[2025-06-17T18:22:11.014+0000] {processor.py:208} INFO - Processing /opt/airflow/dags/ETL_flow.py took 0.124 seconds
[2025-06-17T18:22:41.209+0000] {processor.py:186} INFO - Started process (PID=1067) to work on /opt/airflow/dags/ETL_flow.py
[2025-06-17T18:22:41.211+0000] {processor.py:914} INFO - Processing file /opt/airflow/dags/ETL_flow.py for tasks to queue
[2025-06-17T18:22:41.217+0000] {logging_mixin.py:190} INFO - [2025-06-17T18:22:41.217+0000] {dagbag.py:588} INFO - Filling up the DagBag from /opt/airflow/dags/ETL_flow.py
[2025-06-17T18:22:41.284+0000] {processor.py:925} INFO - DAG(s) 'ingest_csv_to_hive' retrieved from /opt/airflow/dags/ETL_flow.py
[2025-06-17T18:22:41.366+0000] {logging_mixin.py:190} INFO - [2025-06-17T18:22:41.366+0000] {dag.py:3239} INFO - Sync 1 DAGs
[2025-06-17T18:22:41.417+0000] {logging_mixin.py:190} INFO - [2025-06-17T18:22:41.416+0000] {dag.py:4180} INFO - Setting next_dagrun for ingest_csv_to_hive to 2025-06-17 00:00:00+00:00, run_after=2025-06-18 00:00:00+00:00
[2025-06-17T18:22:41.448+0000] {processor.py:208} INFO - Processing /opt/airflow/dags/ETL_flow.py took 0.252 seconds
[2025-06-17T18:23:11.673+0000] {processor.py:186} INFO - Started process (PID=1140) to work on /opt/airflow/dags/ETL_flow.py
[2025-06-17T18:23:11.675+0000] {processor.py:914} INFO - Processing file /opt/airflow/dags/ETL_flow.py for tasks to queue
[2025-06-17T18:23:11.681+0000] {logging_mixin.py:190} INFO - [2025-06-17T18:23:11.680+0000] {dagbag.py:588} INFO - Filling up the DagBag from /opt/airflow/dags/ETL_flow.py
[2025-06-17T18:23:11.705+0000] {processor.py:925} INFO - DAG(s) 'ingest_csv_to_hive' retrieved from /opt/airflow/dags/ETL_flow.py
[2025-06-17T18:23:11.738+0000] {logging_mixin.py:190} INFO - [2025-06-17T18:23:11.738+0000] {dag.py:3239} INFO - Sync 1 DAGs
[2025-06-17T18:23:11.765+0000] {logging_mixin.py:190} INFO - [2025-06-17T18:23:11.765+0000] {dag.py:4180} INFO - Setting next_dagrun for ingest_csv_to_hive to 2025-06-17 00:00:00+00:00, run_after=2025-06-18 00:00:00+00:00
[2025-06-17T18:23:11.784+0000] {processor.py:208} INFO - Processing /opt/airflow/dags/ETL_flow.py took 0.120 seconds
[2025-06-17T18:23:41.857+0000] {processor.py:186} INFO - Started process (PID=1145) to work on /opt/airflow/dags/ETL_flow.py
[2025-06-17T18:23:41.858+0000] {processor.py:914} INFO - Processing file /opt/airflow/dags/ETL_flow.py for tasks to queue
[2025-06-17T18:23:41.860+0000] {logging_mixin.py:190} INFO - [2025-06-17T18:23:41.860+0000] {dagbag.py:588} INFO - Filling up the DagBag from /opt/airflow/dags/ETL_flow.py
[2025-06-17T18:23:41.878+0000] {processor.py:925} INFO - DAG(s) 'ingest_csv_to_hive' retrieved from /opt/airflow/dags/ETL_flow.py
[2025-06-17T18:23:41.904+0000] {logging_mixin.py:190} INFO - [2025-06-17T18:23:41.904+0000] {dag.py:3239} INFO - Sync 1 DAGs
[2025-06-17T18:23:41.928+0000] {logging_mixin.py:190} INFO - [2025-06-17T18:23:41.927+0000] {dag.py:4180} INFO - Setting next_dagrun for ingest_csv_to_hive to 2025-06-17 00:00:00+00:00, run_after=2025-06-18 00:00:00+00:00
[2025-06-17T18:23:41.952+0000] {processor.py:208} INFO - Processing /opt/airflow/dags/ETL_flow.py took 0.100 seconds
[2025-06-17T18:24:12.149+0000] {processor.py:186} INFO - Started process (PID=1150) to work on /opt/airflow/dags/ETL_flow.py
[2025-06-17T18:24:12.150+0000] {processor.py:914} INFO - Processing file /opt/airflow/dags/ETL_flow.py for tasks to queue
[2025-06-17T18:24:12.152+0000] {logging_mixin.py:190} INFO - [2025-06-17T18:24:12.152+0000] {dagbag.py:588} INFO - Filling up the DagBag from /opt/airflow/dags/ETL_flow.py
[2025-06-17T18:24:12.172+0000] {processor.py:925} INFO - DAG(s) 'ingest_csv_to_hive' retrieved from /opt/airflow/dags/ETL_flow.py
[2025-06-17T18:24:12.201+0000] {logging_mixin.py:190} INFO - [2025-06-17T18:24:12.200+0000] {dag.py:3239} INFO - Sync 1 DAGs
[2025-06-17T18:24:12.229+0000] {logging_mixin.py:190} INFO - [2025-06-17T18:24:12.229+0000] {dag.py:4180} INFO - Setting next_dagrun for ingest_csv_to_hive to 2025-06-17 00:00:00+00:00, run_after=2025-06-18 00:00:00+00:00
[2025-06-17T18:24:12.247+0000] {processor.py:208} INFO - Processing /opt/airflow/dags/ETL_flow.py took 0.104 seconds
[2025-06-17T18:24:42.339+0000] {processor.py:186} INFO - Started process (PID=1155) to work on /opt/airflow/dags/ETL_flow.py
[2025-06-17T18:24:42.340+0000] {processor.py:914} INFO - Processing file /opt/airflow/dags/ETL_flow.py for tasks to queue
[2025-06-17T18:24:42.344+0000] {logging_mixin.py:190} INFO - [2025-06-17T18:24:42.344+0000] {dagbag.py:588} INFO - Filling up the DagBag from /opt/airflow/dags/ETL_flow.py
[2025-06-17T18:24:42.372+0000] {processor.py:925} INFO - DAG(s) 'ingest_csv_to_hive' retrieved from /opt/airflow/dags/ETL_flow.py
[2025-06-17T18:24:42.409+0000] {logging_mixin.py:190} INFO - [2025-06-17T18:24:42.408+0000] {dag.py:3239} INFO - Sync 1 DAGs
[2025-06-17T18:24:42.439+0000] {logging_mixin.py:190} INFO - [2025-06-17T18:24:42.439+0000] {dag.py:4180} INFO - Setting next_dagrun for ingest_csv_to_hive to 2025-06-17 00:00:00+00:00, run_after=2025-06-18 00:00:00+00:00
[2025-06-17T18:24:42.460+0000] {processor.py:208} INFO - Processing /opt/airflow/dags/ETL_flow.py took 0.129 seconds
[2025-06-17T18:25:12.632+0000] {processor.py:186} INFO - Started process (PID=1160) to work on /opt/airflow/dags/ETL_flow.py
[2025-06-17T18:25:12.633+0000] {processor.py:914} INFO - Processing file /opt/airflow/dags/ETL_flow.py for tasks to queue
[2025-06-17T18:25:12.636+0000] {logging_mixin.py:190} INFO - [2025-06-17T18:25:12.636+0000] {dagbag.py:588} INFO - Filling up the DagBag from /opt/airflow/dags/ETL_flow.py
[2025-06-17T18:25:12.660+0000] {processor.py:925} INFO - DAG(s) 'ingest_csv_to_hive' retrieved from /opt/airflow/dags/ETL_flow.py
[2025-06-17T18:25:12.690+0000] {logging_mixin.py:190} INFO - [2025-06-17T18:25:12.690+0000] {dag.py:3239} INFO - Sync 1 DAGs
[2025-06-17T18:25:12.717+0000] {logging_mixin.py:190} INFO - [2025-06-17T18:25:12.717+0000] {dag.py:4180} INFO - Setting next_dagrun for ingest_csv_to_hive to 2025-06-17 00:00:00+00:00, run_after=2025-06-18 00:00:00+00:00
[2025-06-17T18:25:12.743+0000] {processor.py:208} INFO - Processing /opt/airflow/dags/ETL_flow.py took 0.119 seconds
[2025-06-17T18:25:42.823+0000] {processor.py:186} INFO - Started process (PID=1165) to work on /opt/airflow/dags/ETL_flow.py
[2025-06-17T18:25:42.824+0000] {processor.py:914} INFO - Processing file /opt/airflow/dags/ETL_flow.py for tasks to queue
[2025-06-17T18:25:42.826+0000] {logging_mixin.py:190} INFO - [2025-06-17T18:25:42.826+0000] {dagbag.py:588} INFO - Filling up the DagBag from /opt/airflow/dags/ETL_flow.py
[2025-06-17T18:25:42.844+0000] {processor.py:925} INFO - DAG(s) 'ingest_csv_to_hive' retrieved from /opt/airflow/dags/ETL_flow.py
[2025-06-17T18:25:42.874+0000] {logging_mixin.py:190} INFO - [2025-06-17T18:25:42.873+0000] {dag.py:3239} INFO - Sync 1 DAGs
[2025-06-17T18:25:42.898+0000] {logging_mixin.py:190} INFO - [2025-06-17T18:25:42.898+0000] {dag.py:4180} INFO - Setting next_dagrun for ingest_csv_to_hive to 2025-06-17 00:00:00+00:00, run_after=2025-06-18 00:00:00+00:00
[2025-06-17T18:25:42.923+0000] {processor.py:208} INFO - Processing /opt/airflow/dags/ETL_flow.py took 0.106 seconds
[2025-06-17T18:26:13.115+0000] {processor.py:186} INFO - Started process (PID=1170) to work on /opt/airflow/dags/ETL_flow.py
[2025-06-17T18:26:13.115+0000] {processor.py:914} INFO - Processing file /opt/airflow/dags/ETL_flow.py for tasks to queue
[2025-06-17T18:26:13.118+0000] {logging_mixin.py:190} INFO - [2025-06-17T18:26:13.117+0000] {dagbag.py:588} INFO - Filling up the DagBag from /opt/airflow/dags/ETL_flow.py
[2025-06-17T18:26:13.136+0000] {processor.py:925} INFO - DAG(s) 'ingest_csv_to_hive' retrieved from /opt/airflow/dags/ETL_flow.py
[2025-06-17T18:26:13.164+0000] {logging_mixin.py:190} INFO - [2025-06-17T18:26:13.164+0000] {dag.py:3239} INFO - Sync 1 DAGs
[2025-06-17T18:26:13.190+0000] {logging_mixin.py:190} INFO - [2025-06-17T18:26:13.190+0000] {dag.py:4180} INFO - Setting next_dagrun for ingest_csv_to_hive to 2025-06-17 00:00:00+00:00, run_after=2025-06-18 00:00:00+00:00
[2025-06-17T18:26:13.208+0000] {processor.py:208} INFO - Processing /opt/airflow/dags/ETL_flow.py took 0.099 seconds
[2025-06-17T18:26:43.301+0000] {processor.py:186} INFO - Started process (PID=1175) to work on /opt/airflow/dags/ETL_flow.py
[2025-06-17T18:26:43.302+0000] {processor.py:914} INFO - Processing file /opt/airflow/dags/ETL_flow.py for tasks to queue
[2025-06-17T18:26:43.305+0000] {logging_mixin.py:190} INFO - [2025-06-17T18:26:43.305+0000] {dagbag.py:588} INFO - Filling up the DagBag from /opt/airflow/dags/ETL_flow.py
[2025-06-17T18:26:43.325+0000] {processor.py:925} INFO - DAG(s) 'ingest_csv_to_hive' retrieved from /opt/airflow/dags/ETL_flow.py
[2025-06-17T18:26:43.358+0000] {logging_mixin.py:190} INFO - [2025-06-17T18:26:43.357+0000] {dag.py:3239} INFO - Sync 1 DAGs
[2025-06-17T18:26:43.391+0000] {logging_mixin.py:190} INFO - [2025-06-17T18:26:43.390+0000] {dag.py:4180} INFO - Setting next_dagrun for ingest_csv_to_hive to 2025-06-17 00:00:00+00:00, run_after=2025-06-18 00:00:00+00:00
[2025-06-17T18:26:43.423+0000] {processor.py:208} INFO - Processing /opt/airflow/dags/ETL_flow.py took 0.127 seconds
[2025-06-17T18:27:13.600+0000] {processor.py:186} INFO - Started process (PID=1180) to work on /opt/airflow/dags/ETL_flow.py
[2025-06-17T18:27:13.601+0000] {processor.py:914} INFO - Processing file /opt/airflow/dags/ETL_flow.py for tasks to queue
[2025-06-17T18:27:13.605+0000] {logging_mixin.py:190} INFO - [2025-06-17T18:27:13.605+0000] {dagbag.py:588} INFO - Filling up the DagBag from /opt/airflow/dags/ETL_flow.py
[2025-06-17T18:27:13.628+0000] {processor.py:925} INFO - DAG(s) 'ingest_csv_to_hive' retrieved from /opt/airflow/dags/ETL_flow.py
[2025-06-17T18:27:13.658+0000] {logging_mixin.py:190} INFO - [2025-06-17T18:27:13.658+0000] {dag.py:3239} INFO - Sync 1 DAGs
[2025-06-17T18:27:13.686+0000] {logging_mixin.py:190} INFO - [2025-06-17T18:27:13.686+0000] {dag.py:4180} INFO - Setting next_dagrun for ingest_csv_to_hive to 2025-06-17 00:00:00+00:00, run_after=2025-06-18 00:00:00+00:00
[2025-06-17T18:27:13.705+0000] {processor.py:208} INFO - Processing /opt/airflow/dags/ETL_flow.py took 0.114 seconds
[2025-06-17T18:27:43.823+0000] {processor.py:186} INFO - Started process (PID=1185) to work on /opt/airflow/dags/ETL_flow.py
[2025-06-17T18:27:43.824+0000] {processor.py:914} INFO - Processing file /opt/airflow/dags/ETL_flow.py for tasks to queue
[2025-06-17T18:27:43.827+0000] {logging_mixin.py:190} INFO - [2025-06-17T18:27:43.826+0000] {dagbag.py:588} INFO - Filling up the DagBag from /opt/airflow/dags/ETL_flow.py
[2025-06-17T18:27:43.847+0000] {processor.py:925} INFO - DAG(s) 'ingest_csv_to_hive' retrieved from /opt/airflow/dags/ETL_flow.py
[2025-06-17T18:27:43.874+0000] {logging_mixin.py:190} INFO - [2025-06-17T18:27:43.873+0000] {dag.py:3239} INFO - Sync 1 DAGs
[2025-06-17T18:27:43.897+0000] {logging_mixin.py:190} INFO - [2025-06-17T18:27:43.897+0000] {dag.py:4180} INFO - Setting next_dagrun for ingest_csv_to_hive to 2025-06-17 00:00:00+00:00, run_after=2025-06-18 00:00:00+00:00
[2025-06-17T18:27:43.915+0000] {processor.py:208} INFO - Processing /opt/airflow/dags/ETL_flow.py took 0.096 seconds
[2025-06-17T18:28:14.076+0000] {processor.py:186} INFO - Started process (PID=1370) to work on /opt/airflow/dags/ETL_flow.py
[2025-06-17T18:28:14.076+0000] {processor.py:914} INFO - Processing file /opt/airflow/dags/ETL_flow.py for tasks to queue
[2025-06-17T18:28:14.079+0000] {logging_mixin.py:190} INFO - [2025-06-17T18:28:14.078+0000] {dagbag.py:588} INFO - Filling up the DagBag from /opt/airflow/dags/ETL_flow.py
[2025-06-17T18:28:14.099+0000] {processor.py:925} INFO - DAG(s) 'ingest_csv_to_hive' retrieved from /opt/airflow/dags/ETL_flow.py
[2025-06-17T18:28:14.128+0000] {logging_mixin.py:190} INFO - [2025-06-17T18:28:14.128+0000] {dag.py:3239} INFO - Sync 1 DAGs
[2025-06-17T18:28:14.154+0000] {logging_mixin.py:190} INFO - [2025-06-17T18:28:14.153+0000] {dag.py:4180} INFO - Setting next_dagrun for ingest_csv_to_hive to 2025-06-17 00:00:00+00:00, run_after=2025-06-18 00:00:00+00:00
[2025-06-17T18:28:14.179+0000] {processor.py:208} INFO - Processing /opt/airflow/dags/ETL_flow.py took 0.110 seconds
[2025-06-17T18:28:44.299+0000] {processor.py:186} INFO - Started process (PID=1375) to work on /opt/airflow/dags/ETL_flow.py
[2025-06-17T18:28:44.301+0000] {processor.py:914} INFO - Processing file /opt/airflow/dags/ETL_flow.py for tasks to queue
[2025-06-17T18:28:44.303+0000] {logging_mixin.py:190} INFO - [2025-06-17T18:28:44.302+0000] {dagbag.py:588} INFO - Filling up the DagBag from /opt/airflow/dags/ETL_flow.py
[2025-06-17T18:28:44.325+0000] {processor.py:925} INFO - DAG(s) 'ingest_csv_to_hive' retrieved from /opt/airflow/dags/ETL_flow.py
[2025-06-17T18:28:44.355+0000] {logging_mixin.py:190} INFO - [2025-06-17T18:28:44.355+0000] {dag.py:3239} INFO - Sync 1 DAGs
[2025-06-17T18:28:44.379+0000] {logging_mixin.py:190} INFO - [2025-06-17T18:28:44.379+0000] {dag.py:4180} INFO - Setting next_dagrun for ingest_csv_to_hive to 2025-06-17 00:00:00+00:00, run_after=2025-06-18 00:00:00+00:00
[2025-06-17T18:28:44.397+0000] {processor.py:208} INFO - Processing /opt/airflow/dags/ETL_flow.py took 0.105 seconds
[2025-06-17T18:29:14.564+0000] {processor.py:186} INFO - Started process (PID=1380) to work on /opt/airflow/dags/ETL_flow.py
[2025-06-17T18:29:14.565+0000] {processor.py:914} INFO - Processing file /opt/airflow/dags/ETL_flow.py for tasks to queue
[2025-06-17T18:29:14.569+0000] {logging_mixin.py:190} INFO - [2025-06-17T18:29:14.569+0000] {dagbag.py:588} INFO - Filling up the DagBag from /opt/airflow/dags/ETL_flow.py
[2025-06-17T18:29:14.601+0000] {processor.py:925} INFO - DAG(s) 'ingest_csv_to_hive' retrieved from /opt/airflow/dags/ETL_flow.py
[2025-06-17T18:29:14.636+0000] {logging_mixin.py:190} INFO - [2025-06-17T18:29:14.636+0000] {dag.py:3239} INFO - Sync 1 DAGs
[2025-06-17T18:29:14.670+0000] {logging_mixin.py:190} INFO - [2025-06-17T18:29:14.670+0000] {dag.py:4180} INFO - Setting next_dagrun for ingest_csv_to_hive to 2025-06-17 00:00:00+00:00, run_after=2025-06-18 00:00:00+00:00
[2025-06-17T18:29:14.690+0000] {processor.py:208} INFO - Processing /opt/airflow/dags/ETL_flow.py took 0.137 seconds
[2025-06-17T18:29:44.777+0000] {processor.py:186} INFO - Started process (PID=1385) to work on /opt/airflow/dags/ETL_flow.py
[2025-06-17T18:29:44.778+0000] {processor.py:914} INFO - Processing file /opt/airflow/dags/ETL_flow.py for tasks to queue
[2025-06-17T18:29:44.781+0000] {logging_mixin.py:190} INFO - [2025-06-17T18:29:44.781+0000] {dagbag.py:588} INFO - Filling up the DagBag from /opt/airflow/dags/ETL_flow.py
[2025-06-17T18:29:44.804+0000] {processor.py:925} INFO - DAG(s) 'ingest_csv_to_hive' retrieved from /opt/airflow/dags/ETL_flow.py
[2025-06-17T18:29:44.832+0000] {logging_mixin.py:190} INFO - [2025-06-17T18:29:44.832+0000] {dag.py:3239} INFO - Sync 1 DAGs
[2025-06-17T18:29:44.861+0000] {logging_mixin.py:190} INFO - [2025-06-17T18:29:44.861+0000] {dag.py:4180} INFO - Setting next_dagrun for ingest_csv_to_hive to 2025-06-17 00:00:00+00:00, run_after=2025-06-18 00:00:00+00:00
[2025-06-17T18:29:44.882+0000] {processor.py:208} INFO - Processing /opt/airflow/dags/ETL_flow.py took 0.111 seconds
[2025-06-17T18:30:15.071+0000] {processor.py:186} INFO - Started process (PID=1390) to work on /opt/airflow/dags/ETL_flow.py
[2025-06-17T18:30:15.072+0000] {processor.py:914} INFO - Processing file /opt/airflow/dags/ETL_flow.py for tasks to queue
[2025-06-17T18:30:15.075+0000] {logging_mixin.py:190} INFO - [2025-06-17T18:30:15.075+0000] {dagbag.py:588} INFO - Filling up the DagBag from /opt/airflow/dags/ETL_flow.py
[2025-06-17T18:30:15.099+0000] {processor.py:925} INFO - DAG(s) 'ingest_csv_to_hive' retrieved from /opt/airflow/dags/ETL_flow.py
[2025-06-17T18:30:15.130+0000] {logging_mixin.py:190} INFO - [2025-06-17T18:30:15.130+0000] {dag.py:3239} INFO - Sync 1 DAGs
[2025-06-17T18:30:15.163+0000] {logging_mixin.py:190} INFO - [2025-06-17T18:30:15.163+0000] {dag.py:4180} INFO - Setting next_dagrun for ingest_csv_to_hive to 2025-06-17 00:00:00+00:00, run_after=2025-06-18 00:00:00+00:00
[2025-06-17T18:30:15.181+0000] {processor.py:208} INFO - Processing /opt/airflow/dags/ETL_flow.py took 0.117 seconds
[2025-06-17T18:30:45.256+0000] {processor.py:186} INFO - Started process (PID=1395) to work on /opt/airflow/dags/ETL_flow.py
[2025-06-17T18:30:45.257+0000] {processor.py:914} INFO - Processing file /opt/airflow/dags/ETL_flow.py for tasks to queue
[2025-06-17T18:30:45.259+0000] {logging_mixin.py:190} INFO - [2025-06-17T18:30:45.259+0000] {dagbag.py:588} INFO - Filling up the DagBag from /opt/airflow/dags/ETL_flow.py
[2025-06-17T18:30:45.280+0000] {processor.py:925} INFO - DAG(s) 'ingest_csv_to_hive' retrieved from /opt/airflow/dags/ETL_flow.py
[2025-06-17T18:30:45.307+0000] {logging_mixin.py:190} INFO - [2025-06-17T18:30:45.307+0000] {dag.py:3239} INFO - Sync 1 DAGs
[2025-06-17T18:30:45.330+0000] {logging_mixin.py:190} INFO - [2025-06-17T18:30:45.330+0000] {dag.py:4180} INFO - Setting next_dagrun for ingest_csv_to_hive to 2025-06-17 00:00:00+00:00, run_after=2025-06-18 00:00:00+00:00
[2025-06-17T18:30:45.347+0000] {processor.py:208} INFO - Processing /opt/airflow/dags/ETL_flow.py took 0.097 seconds
[2025-06-17T18:31:15.546+0000] {processor.py:186} INFO - Started process (PID=1400) to work on /opt/airflow/dags/ETL_flow.py
[2025-06-17T18:31:15.547+0000] {processor.py:914} INFO - Processing file /opt/airflow/dags/ETL_flow.py for tasks to queue
[2025-06-17T18:31:15.551+0000] {logging_mixin.py:190} INFO - [2025-06-17T18:31:15.550+0000] {dagbag.py:588} INFO - Filling up the DagBag from /opt/airflow/dags/ETL_flow.py
[2025-06-17T18:31:15.572+0000] {processor.py:925} INFO - DAG(s) 'ingest_csv_to_hive' retrieved from /opt/airflow/dags/ETL_flow.py
[2025-06-17T18:31:15.601+0000] {logging_mixin.py:190} INFO - [2025-06-17T18:31:15.601+0000] {dag.py:3239} INFO - Sync 1 DAGs
[2025-06-17T18:31:15.628+0000] {logging_mixin.py:190} INFO - [2025-06-17T18:31:15.627+0000] {dag.py:4180} INFO - Setting next_dagrun for ingest_csv_to_hive to 2025-06-17 00:00:00+00:00, run_after=2025-06-18 00:00:00+00:00
[2025-06-17T18:31:15.649+0000] {processor.py:208} INFO - Processing /opt/airflow/dags/ETL_flow.py took 0.109 seconds
[2025-06-17T18:31:45.728+0000] {processor.py:186} INFO - Started process (PID=1405) to work on /opt/airflow/dags/ETL_flow.py
[2025-06-17T18:31:45.729+0000] {processor.py:914} INFO - Processing file /opt/airflow/dags/ETL_flow.py for tasks to queue
[2025-06-17T18:31:45.731+0000] {logging_mixin.py:190} INFO - [2025-06-17T18:31:45.731+0000] {dagbag.py:588} INFO - Filling up the DagBag from /opt/airflow/dags/ETL_flow.py
[2025-06-17T18:31:45.752+0000] {processor.py:925} INFO - DAG(s) 'ingest_csv_to_hive' retrieved from /opt/airflow/dags/ETL_flow.py
[2025-06-17T18:31:45.779+0000] {logging_mixin.py:190} INFO - [2025-06-17T18:31:45.779+0000] {dag.py:3239} INFO - Sync 1 DAGs
[2025-06-17T18:31:45.802+0000] {logging_mixin.py:190} INFO - [2025-06-17T18:31:45.802+0000] {dag.py:4180} INFO - Setting next_dagrun for ingest_csv_to_hive to 2025-06-17 00:00:00+00:00, run_after=2025-06-18 00:00:00+00:00
[2025-06-17T18:31:45.826+0000] {processor.py:208} INFO - Processing /opt/airflow/dags/ETL_flow.py took 0.104 seconds
[2025-06-17T18:32:16.015+0000] {processor.py:186} INFO - Started process (PID=1410) to work on /opt/airflow/dags/ETL_flow.py
[2025-06-17T18:32:16.016+0000] {processor.py:914} INFO - Processing file /opt/airflow/dags/ETL_flow.py for tasks to queue
[2025-06-17T18:32:16.018+0000] {logging_mixin.py:190} INFO - [2025-06-17T18:32:16.018+0000] {dagbag.py:588} INFO - Filling up the DagBag from /opt/airflow/dags/ETL_flow.py
[2025-06-17T18:32:16.036+0000] {processor.py:925} INFO - DAG(s) 'ingest_csv_to_hive' retrieved from /opt/airflow/dags/ETL_flow.py
[2025-06-17T18:32:16.066+0000] {logging_mixin.py:190} INFO - [2025-06-17T18:32:16.066+0000] {dag.py:3239} INFO - Sync 1 DAGs
[2025-06-17T18:32:16.091+0000] {logging_mixin.py:190} INFO - [2025-06-17T18:32:16.091+0000] {dag.py:4180} INFO - Setting next_dagrun for ingest_csv_to_hive to 2025-06-17 00:00:00+00:00, run_after=2025-06-18 00:00:00+00:00
[2025-06-17T18:32:16.117+0000] {processor.py:208} INFO - Processing /opt/airflow/dags/ETL_flow.py took 0.107 seconds
[2025-06-17T18:32:46.901+0000] {processor.py:186} INFO - Started process (PID=1415) to work on /opt/airflow/dags/ETL_flow.py
[2025-06-17T18:32:46.903+0000] {processor.py:914} INFO - Processing file /opt/airflow/dags/ETL_flow.py for tasks to queue
[2025-06-17T18:32:46.910+0000] {logging_mixin.py:190} INFO - [2025-06-17T18:32:46.910+0000] {dagbag.py:588} INFO - Filling up the DagBag from /opt/airflow/dags/ETL_flow.py
[2025-06-17T18:32:46.947+0000] {processor.py:925} INFO - DAG(s) 'ingest_csv_to_hive' retrieved from /opt/airflow/dags/ETL_flow.py
[2025-06-17T18:32:46.988+0000] {logging_mixin.py:190} INFO - [2025-06-17T18:32:46.988+0000] {dag.py:3239} INFO - Sync 1 DAGs
[2025-06-17T18:32:47.035+0000] {logging_mixin.py:190} INFO - [2025-06-17T18:32:47.035+0000] {dag.py:4180} INFO - Setting next_dagrun for ingest_csv_to_hive to 2025-06-17 00:00:00+00:00, run_after=2025-06-18 00:00:00+00:00
[2025-06-17T18:32:47.063+0000] {processor.py:208} INFO - Processing /opt/airflow/dags/ETL_flow.py took 0.172 seconds
[2025-06-17T18:36:04.364+0000] {processor.py:186} INFO - Started process (PID=184) to work on /opt/airflow/dags/ETL_flow.py
[2025-06-17T18:36:04.366+0000] {processor.py:914} INFO - Processing file /opt/airflow/dags/ETL_flow.py for tasks to queue
[2025-06-17T18:36:04.373+0000] {logging_mixin.py:190} INFO - [2025-06-17T18:36:04.372+0000] {dagbag.py:588} INFO - Filling up the DagBag from /opt/airflow/dags/ETL_flow.py
[2025-06-17T18:36:04.426+0000] {processor.py:925} INFO - DAG(s) 'ingest_csv_to_hive' retrieved from /opt/airflow/dags/ETL_flow.py
[2025-06-17T18:36:04.495+0000] {logging_mixin.py:190} INFO - [2025-06-17T18:36:04.495+0000] {dag.py:3239} INFO - Sync 1 DAGs
[2025-06-17T18:36:04.547+0000] {logging_mixin.py:190} INFO - [2025-06-17T18:36:04.547+0000] {dag.py:4180} INFO - Setting next_dagrun for ingest_csv_to_hive to 2025-06-17 00:00:00+00:00, run_after=2025-06-18 00:00:00+00:00
[2025-06-17T18:36:04.586+0000] {processor.py:208} INFO - Processing /opt/airflow/dags/ETL_flow.py took 0.231 seconds
[2025-06-17T18:36:34.672+0000] {processor.py:186} INFO - Started process (PID=189) to work on /opt/airflow/dags/ETL_flow.py
[2025-06-17T18:36:34.674+0000] {processor.py:914} INFO - Processing file /opt/airflow/dags/ETL_flow.py for tasks to queue
[2025-06-17T18:36:34.681+0000] {logging_mixin.py:190} INFO - [2025-06-17T18:36:34.680+0000] {dagbag.py:588} INFO - Filling up the DagBag from /opt/airflow/dags/ETL_flow.py
[2025-06-17T18:36:34.727+0000] {processor.py:925} INFO - DAG(s) 'ingest_csv_to_hive' retrieved from /opt/airflow/dags/ETL_flow.py
[2025-06-17T18:36:34.789+0000] {logging_mixin.py:190} INFO - [2025-06-17T18:36:34.789+0000] {dag.py:3239} INFO - Sync 1 DAGs
[2025-06-17T18:36:34.856+0000] {logging_mixin.py:190} INFO - [2025-06-17T18:36:34.856+0000] {dag.py:4180} INFO - Setting next_dagrun for ingest_csv_to_hive to 2025-06-17 00:00:00+00:00, run_after=2025-06-18 00:00:00+00:00
[2025-06-17T18:36:34.902+0000] {processor.py:208} INFO - Processing /opt/airflow/dags/ETL_flow.py took 0.245 seconds
[2025-06-17T18:37:05.178+0000] {processor.py:186} INFO - Started process (PID=194) to work on /opt/airflow/dags/ETL_flow.py
[2025-06-17T18:37:05.179+0000] {processor.py:914} INFO - Processing file /opt/airflow/dags/ETL_flow.py for tasks to queue
[2025-06-17T18:37:05.184+0000] {logging_mixin.py:190} INFO - [2025-06-17T18:37:05.183+0000] {dagbag.py:588} INFO - Filling up the DagBag from /opt/airflow/dags/ETL_flow.py
[2025-06-17T18:37:05.219+0000] {processor.py:925} INFO - DAG(s) 'ingest_csv_to_hive' retrieved from /opt/airflow/dags/ETL_flow.py
[2025-06-17T18:37:05.276+0000] {logging_mixin.py:190} INFO - [2025-06-17T18:37:05.276+0000] {dag.py:3239} INFO - Sync 1 DAGs
[2025-06-17T18:37:05.323+0000] {logging_mixin.py:190} INFO - [2025-06-17T18:37:05.322+0000] {dag.py:4180} INFO - Setting next_dagrun for ingest_csv_to_hive to 2025-06-17 00:00:00+00:00, run_after=2025-06-18 00:00:00+00:00
[2025-06-17T18:37:05.373+0000] {processor.py:208} INFO - Processing /opt/airflow/dags/ETL_flow.py took 0.209 seconds
